2025-07-08 19:30:24,585 - server - INFO - API路由已注册，前缀: /api/v1
2025-07-08 19:30:24,587 - server - INFO - 启动服务器: NewLoveLushUserService v1.0.0
2025-07-08 19:30:25,536 - server - INFO - API路由已注册，前缀: /api/v1
2025-07-08 19:30:25,726 - server - INFO - API路由已注册，前缀: /api/v1
2025-07-08 19:30:25,728 - server - INFO - 正在连接数据库...
2025-07-08 19:30:25,838 - database - ERROR - Failed to connect to MongoDB: Authentication failed., full error: {'ok': 0.0, 'errmsg': 'Authentication failed.', 'code': 18, 'codeName': 'AuthenticationFailed'}
2025-07-08 19:30:25,838 - server - ERROR - 数据库连接失败: Authentication failed., full error: {'ok': 0.0, 'errmsg': 'Authentication failed.', 'code': 18, 'codeName': 'AuthenticationFailed'}
2025-07-08 19:48:09,662 - server - INFO - API路由已注册，前缀: /api/v1
2025-07-08 19:48:09,671 - server - INFO - 启动服务器: NewLoveLushUserService v1.0.0
2025-07-08 19:48:10,631 - server - INFO - API路由已注册，前缀: /api/v1
2025-07-08 19:48:10,723 - server - INFO - API路由已注册，前缀: /api/v1
2025-07-08 19:48:10,725 - server - INFO - 正在连接数据库...
2025-07-08 19:48:10,805 - database - ERROR - Failed to connect to MongoDB: Authentication failed., full error: {'ok': 0.0, 'errmsg': 'Authentication failed.', 'code': 18, 'codeName': 'AuthenticationFailed'}
2025-07-08 19:48:10,805 - server - ERROR - 数据库连接失败: Authentication failed., full error: {'ok': 0.0, 'errmsg': 'Authentication failed.', 'code': 18, 'codeName': 'AuthenticationFailed'}
2025-07-08 19:57:27,697 - server - INFO - API路由已注册，前缀: /api/v1
2025-07-08 19:57:27,849 - server - INFO - API路由已注册，前缀: /api/v1
2025-07-08 19:57:27,849 - server - INFO - API路由已注册，前缀: /api/v1
2025-07-08 19:57:27,851 - server - INFO - 正在连接数据库...
2025-07-08 19:57:27,851 - server - INFO - 正在连接数据库...
2025-07-08 19:57:27,851 - server - INFO - 数据库连接已跳过或成功
2025-07-08 19:57:27,851 - server - INFO - 数据库连接已跳过或成功
2025-07-08 19:58:31,660 - server - INFO - API路由已注册，前缀: /api/v1
2025-07-08 19:58:31,660 - server - INFO - 启动服务器: NewLoveLushUserService v1.0.0
2025-07-08 19:58:32,635 - server - INFO - API路由已注册，前缀: /api/v1
2025-07-08 19:58:32,731 - server - INFO - API路由已注册，前缀: /api/v1
2025-07-08 19:58:32,733 - server - INFO - 正在连接数据库...
2025-07-08 19:58:32,733 - server - INFO - 数据库连接已跳过或成功
2025-07-08 19:59:35,722 - user_service - INFO - 尝试创建新男性用户: 1655745347864687646876358786
2025-07-08 19:59:35,723 - database - ERROR - Error inserting document: 'NoneType' object is not subscriptable
2025-07-08 19:59:35,724 - user_service - ERROR - 创建用户失败: 'NoneType' object is not subscriptable
2025-07-08 20:02:03,483 - server - INFO - 正在关闭数据库连接...
2025-07-08 20:02:03,484 - server - INFO - 数据库连接已关闭或跳过
2025-07-08 20:02:03,559 - server - INFO - 正在关闭数据库连接...
2025-07-08 20:02:03,560 - server - INFO - 数据库连接已关闭或跳过
2025-07-08 20:02:04,808 - server - INFO - API路由已注册，前缀: /api/v1
2025-07-08 20:02:04,808 - server - INFO - API路由已注册，前缀: /api/v1
2025-07-08 20:02:04,811 - server - INFO - API路由已注册，前缀: /api/v1
2025-07-08 20:02:04,920 - server - INFO - API路由已注册，前缀: /api/v1
2025-07-08 20:02:04,920 - server - INFO - API路由已注册，前缀: /api/v1
2025-07-08 20:02:04,920 - server - INFO - API路由已注册，前缀: /api/v1
2025-07-08 20:02:04,924 - server - INFO - 正在连接数据库...
2025-07-08 20:02:04,925 - server - INFO - 数据库连接已跳过或成功
2025-07-08 20:02:04,926 - server - INFO - 正在连接数据库...
2025-07-08 20:02:04,926 - server - INFO - 正在连接数据库...
2025-07-08 20:02:04,928 - server - INFO - 数据库连接已跳过或成功
2025-07-08 20:02:04,929 - server - INFO - 数据库连接已跳过或成功
2025-07-08 20:02:52,344 - server - INFO - 正在关闭数据库连接...
2025-07-08 20:02:52,372 - server - INFO - 数据库连接已关闭或跳过
2025-07-08 20:03:54,136 - server - INFO - API路由已注册，前缀: /api/v1
2025-07-08 20:03:54,137 - server - INFO - 启动服务器: NewLoveLushUserService v1.0.0
2025-07-08 20:03:55,090 - server - INFO - API路由已注册，前缀: /api/v1
2025-07-08 20:03:55,164 - server - INFO - API路由已注册，前缀: /api/v1
2025-07-08 20:03:55,166 - server - INFO - 正在连接数据库...
2025-07-08 20:03:55,167 - server - INFO - 数据库连接已跳过或成功
2025-07-08 20:19:16,537 - server - INFO - 正在关闭数据库连接...
2025-07-08 20:19:16,537 - server - INFO - 数据库连接已关闭或跳过
2025-07-08 20:25:33,541 - server - INFO - API路由已注册，前缀: /api/v1
2025-07-08 20:25:33,541 - server - INFO - 启动服务器: NewLoveLushUserService v1.0.0
2025-07-08 20:25:34,328 - server - INFO - API路由已注册，前缀: /api/v1
2025-07-08 20:25:34,451 - server - INFO - API路由已注册，前缀: /api/v1
2025-07-08 20:25:34,453 - server - INFO - 正在连接数据库...
2025-07-08 20:25:34,453 - server - INFO - 数据库连接已跳过或成功
2025-07-08 20:26:09,854 - user_service - INFO - 尝试创建新男性用户: 5374531435743557698334635746534163987
2025-07-08 20:26:09,854 - user_service - INFO - 模拟用户创建成功，模拟ID: 571ff498-c320-4660-9f7e-7ecfe2b09002
2025-07-08 20:27:04,847 - user_service - INFO - 尝试创建新男性用户: 34967463997838743748576
2025-07-08 20:27:04,848 - user_service - INFO - 模拟用户创建成功，模拟ID: 502d64fa-e119-42f3-b843-47768a48ef23
2025-07-08 20:28:34,407 - user_service - INFO - 尝试创建新男性用户: 34967463997838743748576
2025-07-08 20:28:34,407 - user_service - INFO - 模拟用户创建成功，模拟ID: c3849265-78ad-4ddb-bdb7-9986ce584853
2025-07-08 20:51:59,619 - server - INFO - 正在关闭数据库连接...
2025-07-08 20:51:59,620 - server - INFO - 数据库连接已关闭或跳过
2025-07-08 21:13:23,041 - server - INFO - API路由已注册，前缀: /api/v1
2025-07-08 21:13:23,042 - server - INFO - 启动服务器: NewLoveLushUserService v1.0.0
2025-07-08 21:13:24,105 - server - INFO - API路由已注册，前缀: /api/v1
2025-07-08 21:13:24,172 - server - INFO - API路由已注册，前缀: /api/v1
2025-07-08 21:13:24,173 - server - INFO - 正在连接数据库...
2025-07-08 21:13:25,386 - database - INFO - Connected to MongoDB successfully
2025-07-08 21:13:25,387 - server - INFO - 数据库连接成功
2025-07-08 21:15:04,672 - user_service - INFO - 尝试创建新男性用户: 6853745876874685
2025-07-08 21:15:05,395 - database - INFO - Inserted document with id: 686d19d880ab0b074d9ca6ee
2025-07-08 21:15:05,396 - user_service - INFO - 用户数据已插入 MongoDB，ID: 686d19d880ab0b074d9ca6ee
2025-07-08 21:32:30,570 - server - INFO - 正在关闭数据库连接...
2025-07-08 21:32:30,700 - database - INFO - Closed MongoDB connection
2025-07-08 21:32:30,700 - server - INFO - 数据库连接已关闭
2025-07-08 21:32:31,957 - server - INFO - API路由已注册，前缀: /api/v1
2025-07-08 21:32:32,005 - server - INFO - API路由已注册，前缀: /api/v1
2025-07-08 21:32:32,006 - server - INFO - 正在连接数据库...
2025-07-08 21:32:33,142 - database - INFO - Connected to MongoDB successfully
2025-07-08 21:32:33,142 - server - INFO - 数据库连接成功
2025-07-08 21:32:42,880 - server - INFO - 正在关闭数据库连接...
2025-07-08 21:32:42,880 - database - INFO - Closed MongoDB connection
2025-07-08 21:32:42,880 - server - INFO - 数据库连接已关闭
2025-07-08 21:32:43,813 - server - INFO - API路由已注册，前缀: /api/v1
2025-07-08 21:32:43,863 - server - INFO - API路由已注册，前缀: /api/v1
2025-07-08 21:32:43,865 - server - INFO - 正在连接数据库...
2025-07-08 21:32:44,993 - database - INFO - Connected to MongoDB successfully
2025-07-08 21:32:44,994 - server - INFO - 数据库连接成功
2025-07-08 21:32:54,722 - server - INFO - 正在关闭数据库连接...
2025-07-08 21:32:54,722 - database - INFO - Closed MongoDB connection
2025-07-08 21:32:54,723 - server - INFO - 数据库连接已关闭
2025-07-08 21:32:55,669 - server - INFO - API路由已注册，前缀: /api/v1
2025-07-08 21:32:55,719 - server - INFO - API路由已注册，前缀: /api/v1
2025-07-08 21:32:55,721 - server - INFO - 正在连接数据库...
2025-07-08 21:32:56,731 - database - INFO - Connected to MongoDB successfully
2025-07-08 21:32:56,732 - server - INFO - 数据库连接成功
2025-07-08 21:36:00,074 - server - INFO - API路由已注册，前缀: /api/v1
2025-07-08 21:36:00,074 - server - INFO - 启动服务器: NewLoveLushUserService v1.0.0
2025-07-08 21:36:01,086 - server - INFO - API路由已注册，前缀: /api/v1
2025-07-08 21:36:01,145 - server - INFO - API路由已注册，前缀: /api/v1
2025-07-08 21:36:01,147 - server - INFO - 正在连接数据库...
2025-07-08 21:36:01,839 - database - INFO - Connected to MongoDB successfully
2025-07-08 21:36:01,840 - server - INFO - 数据库连接成功
2025-07-08 21:37:10,514 - user_service - INFO - 尝试获取用户ID 7226798439 的性别
2025-07-08 21:37:11,559 - user_service - WARNING - 未找到用户ID 7226798439 或其性别信息
2025-07-08 21:38:35,765 - server - INFO - 正在关闭数据库连接...
2025-07-08 21:38:36,670 - database - INFO - Closed MongoDB connection
2025-07-08 21:38:36,670 - server - INFO - 数据库连接已关闭
2025-07-08 21:46:42,167 - server - INFO - API路由已注册，前缀: /api/v1
2025-07-08 21:46:42,169 - server - INFO - 启动服务器: NewLoveLushUserService v1.0.0
2025-07-08 21:46:43,125 - server - INFO - API路由已注册，前缀: /api/v1
2025-07-08 21:46:43,190 - server - INFO - API路由已注册，前缀: /api/v1
2025-07-08 21:46:43,192 - server - INFO - 正在连接数据库...
2025-07-08 21:46:44,153 - database - INFO - Connected to MongoDB successfully
2025-07-08 21:46:44,154 - server - INFO - 数据库连接成功
2025-07-08 21:47:44,133 - user_service - INFO - 尝试获取用户ID 7226798439 的性别
2025-07-08 21:47:44,987 - user_service - WARNING - 未找到用户ID 7226798439 或其性别信息
2025-07-08 21:49:12,850 - user_service - INFO - 尝试获取用户ID 7226798439 的性别
2025-07-08 21:49:12,988 - user_service - WARNING - 未找到用户ID 7226798439 或其性别信息
2025-07-08 21:52:49,543 - server - INFO - 正在关闭数据库连接...
2025-07-08 21:52:49,675 - database - INFO - Closed MongoDB connection
2025-07-08 21:52:49,676 - server - INFO - 数据库连接已关闭
2025-07-08 21:52:51,031 - server - INFO - API路由已注册，前缀: /api/v1
2025-07-08 21:52:51,083 - server - INFO - API路由已注册，前缀: /api/v1
2025-07-08 21:52:51,084 - server - INFO - 正在连接数据库...
2025-07-08 21:52:52,212 - database - INFO - Connected to MongoDB successfully
2025-07-08 21:52:52,213 - server - INFO - 数据库连接成功
2025-07-08 21:58:34,299 - server - INFO - 正在关闭数据库连接...
2025-07-08 21:58:34,300 - database - INFO - Closed MongoDB connection
2025-07-08 21:58:34,300 - server - INFO - 数据库连接已关闭
2025-07-08 21:58:35,296 - server - INFO - API路由已注册，前缀: /api/v1
2025-07-08 21:58:35,353 - server - INFO - API路由已注册，前缀: /api/v1
2025-07-08 21:58:35,354 - server - INFO - 正在连接数据库...
2025-07-08 21:58:36,446 - database - INFO - Connected to MongoDB successfully
2025-07-08 21:58:36,446 - server - INFO - 数据库连接成功
2025-07-08 21:59:26,593 - server - INFO - API路由已注册，前缀: /api/v1
2025-07-08 21:59:26,594 - server - INFO - 启动服务器: NewLoveLushUserService v1.0.0
2025-07-08 21:59:27,615 - server - INFO - API路由已注册，前缀: /api/v1
2025-07-08 21:59:27,674 - server - INFO - API路由已注册，前缀: /api/v1
2025-07-08 21:59:27,676 - server - INFO - 正在连接数据库...
2025-07-08 21:59:28,272 - database - INFO - Connected to MongoDB successfully
2025-07-08 21:59:28,273 - server - INFO - 数据库连接成功
2025-07-08 22:00:24,992 - user_service - INFO - 尝试获取用户ID 7226798439 的性别
2025-07-08 22:00:25,679 - user_service - INFO - 找到用户ID 7226798439 的性别: female
2025-07-08 22:21:17,594 - user_service - INFO - 尝试创建新男性用户: 53487475873878
2025-07-08 22:21:17,726 - database - INFO - Inserted document with id: 686d295d3051eddcc6a2ceed
2025-07-08 22:21:17,727 - user_service - INFO - 用户数据已插入 MongoDB，ID: 686d295d3051eddcc6a2ceed
2025-07-09 11:28:13,455 - server - INFO - API路由已注册，前缀: /api/v1
2025-07-09 11:28:13,456 - server - INFO - 启动服务器: NewLoveLushUserService v1.0.0
2025-07-09 11:28:14,542 - server - INFO - API路由已注册，前缀: /api/v1
2025-07-09 11:28:14,640 - server - INFO - API路由已注册，前缀: /api/v1
2025-07-09 11:28:14,643 - server - INFO - 正在连接数据库...
2025-07-09 11:28:14,692 - database - INFO - Connected to MongoDB successfully
2025-07-09 11:28:14,693 - server - INFO - 数据库连接成功
2025-07-09 11:34:30,122 - user_service - INFO - 尝试获取用户ID 7226798439 的性别
2025-07-09 11:34:30,156 - user_service - INFO - 找到用户ID 7226798439 的性别: male
2025-07-09 11:34:37,202 - user_service - INFO - 尝试获取用户ID 7226798439 的性别
2025-07-09 11:34:37,206 - user_service - INFO - 找到用户ID 7226798439 的性别: male
2025-07-09 11:34:39,336 - user_service - INFO - 尝试获取用户ID 7226798439 的性别
2025-07-09 11:34:39,342 - user_service - INFO - 找到用户ID 7226798439 的性别: male
2025-07-09 11:39:44,713 - user_service - INFO - 尝试创建新男性用户: test_fetch
2025-07-09 11:39:44,717 - database - INFO - Inserted document with id: 686de4806f602663741606ca
2025-07-09 11:39:44,717 - user_service - INFO - 用户数据已插入 MongoDB，ID: 686de4806f602663741606ca
2025-07-09 12:06:39,735 - server - INFO - 正在关闭数据库连接...
2025-07-09 12:06:39,737 - database - INFO - Closed MongoDB connection
2025-07-09 12:06:39,738 - server - INFO - 数据库连接已关闭
2025-07-09 13:22:06,102 - server - INFO - API路由已注册，前缀: /api/v1
2025-07-09 13:22:06,103 - server - INFO - 启动服务器: NewLoveLushUserService v1.0.0
2025-07-09 13:22:07,226 - server - INFO - API路由已注册，前缀: /api/v1
2025-07-09 13:22:07,282 - server - INFO - API路由已注册，前缀: /api/v1
2025-07-09 13:22:07,284 - server - INFO - 正在连接数据库...
2025-07-09 13:22:07,336 - database - INFO - Connected to MongoDB successfully
2025-07-09 13:22:07,337 - server - INFO - 数据库连接成功
2025-07-09 14:01:37,627 - user_service - INFO - 尝试创建新男性用户: test_connection
2025-07-09 14:01:37,660 - database - INFO - Inserted document with id: 686e05c1e281454f48e1ce25
2025-07-09 14:01:37,660 - user_service - INFO - 用户数据已插入 MongoDB，ID: 686e05c1e281454f48e1ce25
2025-07-09 14:03:00,762 - user_service - INFO - 尝试创建新男性用户: test_connection
2025-07-09 14:03:00,765 - database - INFO - Inserted document with id: 686e0614e281454f48e1ce26
2025-07-09 14:03:00,766 - user_service - INFO - 用户数据已插入 MongoDB，ID: 686e0614e281454f48e1ce26
2025-07-09 14:06:14,352 - user_service - INFO - 尝试创建新男性用户: non_telegram_tester
2025-07-09 14:06:14,355 - database - INFO - Inserted document with id: 686e06d6e281454f48e1ce27
2025-07-09 14:06:14,355 - user_service - INFO - 用户数据已插入 MongoDB，ID: 686e06d6e281454f48e1ce27
2025-07-09 14:07:09,640 - user_service - INFO - 尝试创建新男性用户: non_telegram_tester
2025-07-09 14:07:09,647 - database - INFO - Inserted document with id: 686e070de281454f48e1ce28
2025-07-09 14:07:09,648 - user_service - INFO - 用户数据已插入 MongoDB，ID: 686e070de281454f48e1ce28
2025-07-09 16:18:52,236 - server - INFO - API路由已注册，前缀: /api/v1
2025-07-09 16:18:52,237 - server - INFO - 启动服务器: NewLoveLushUserService v1.0.0
2025-07-09 16:18:53,782 - server - INFO - API路由已注册，前缀: /api/v1
2025-07-09 16:18:53,830 - server - INFO - API路由已注册，前缀: /api/v1
2025-07-09 16:18:53,833 - server - INFO - 正在连接数据库...
2025-07-09 16:18:53,879 - database - INFO - Connected to MongoDB successfully
2025-07-09 16:18:53,881 - server - INFO - 数据库连接成功
2025-07-09 16:38:02,998 - user_service - INFO - 尝试创建新男性用户: test_user_123
2025-07-09 16:38:03,215 - database - INFO - Inserted document with id: 686e2a6b8e1038f0b792e703
2025-07-09 16:38:03,216 - user_service - INFO - 用户数据已插入 MongoDB，ID: 686e2a6b8e1038f0b792e703
2025-07-09 16:38:09,158 - user_service - INFO - 尝试获取用户ID 686e2a6b8e1038f0b792e703 的性别
2025-07-09 16:38:09,159 - user_service - ERROR - 用户ID 686e2a6b8e1038f0b792e703 无法转换为整数。
2025-07-09 16:44:32,452 - server - INFO - API路由已注册，前缀: /api/v1
2025-07-09 16:44:32,455 - server - INFO - 启动服务器: NewLoveLushUserService v1.0.0
2025-07-09 16:44:36,882 - server - INFO - API路由已注册，前缀: /api/v1
2025-07-09 16:44:37,291 - server - INFO - API路由已注册，前缀: /api/v1
2025-07-09 16:44:37,305 - server - INFO - 正在连接数据库...
2025-07-09 16:44:42,393 - database - ERROR - Failed to connect to MongoDB: No servers found yet, Timeout: 5.0s, Topology Description: <TopologyDescription id: 686e2bf566b4b5eb0eddad12, topology_type: Unknown, servers: [<ServerDescription ('8.216.32.239', 27017) server_type: Unknown, rtt: None>]>
2025-07-09 16:44:42,394 - server - ERROR - 数据库连接失败: No servers found yet, Timeout: 5.0s, Topology Description: <TopologyDescription id: 686e2bf566b4b5eb0eddad12, topology_type: Unknown, servers: [<ServerDescription ('8.216.32.239', 27017) server_type: Unknown, rtt: None>]>
2025-07-09 16:47:01,836 - server - INFO - API路由已注册，前缀: /api/v1
2025-07-09 16:47:01,837 - server - INFO - 启动服务器: NewLoveLushUserService v1.0.0
2025-07-09 16:47:02,656 - server - INFO - API路由已注册，前缀: /api/v1
2025-07-09 16:47:02,729 - server - INFO - API路由已注册，前缀: /api/v1
2025-07-09 16:47:02,731 - server - INFO - 正在连接数据库...
2025-07-09 16:47:07,740 - database - ERROR - Failed to connect to MongoDB: No servers found yet, Timeout: 5.0s, Topology Description: <TopologyDescription id: 686e2c8607d9e8c68c9481fb, topology_type: Unknown, servers: [<ServerDescription ('8.216.32.239', 27017) server_type: Unknown, rtt: None>]>
2025-07-09 16:47:07,741 - server - ERROR - 数据库连接失败: No servers found yet, Timeout: 5.0s, Topology Description: <TopologyDescription id: 686e2c8607d9e8c68c9481fb, topology_type: Unknown, servers: [<ServerDescription ('8.216.32.239', 27017) server_type: Unknown, rtt: None>]>
2025-07-09 16:51:37,413 - server - INFO - API路由已注册，前缀: /api/v1
2025-07-09 16:51:37,414 - server - INFO - 启动服务器: NewLoveLushUserService v1.0.0
2025-07-09 16:51:38,221 - server - INFO - API路由已注册，前缀: /api/v1
2025-07-09 16:51:38,255 - server - INFO - API路由已注册，前缀: /api/v1
2025-07-09 16:51:38,257 - server - INFO - 正在连接数据库...
2025-07-09 16:51:38,293 - database - INFO - Connected to MongoDB successfully
2025-07-09 16:51:38,293 - server - INFO - 数据库连接成功
2025-07-09 17:45:42,143 - user_service - INFO - 尝试创建新男性用户: string
2025-07-09 17:45:42,167 - database - INFO - Inserted document with id: 686e3a46836c440930e64d47
2025-07-09 17:45:42,167 - user_service - INFO - 用户数据已插入 MongoDB，ID: 686e3a46836c440930e64d47
2025-07-09 19:20:13,213 - server - INFO - 正在关闭数据库连接...
2025-07-09 19:20:13,216 - database - INFO - Closed MongoDB connection
2025-07-09 19:20:13,217 - server - INFO - 数据库连接已关闭
2025-07-09 19:20:14,639 - server - INFO - API路由已注册，前缀: /api/v1
2025-07-09 19:20:14,738 - server - INFO - API路由已注册，前缀: /api/v1
2025-07-09 19:20:14,740 - server - INFO - 正在连接数据库...
2025-07-09 19:20:14,812 - database - INFO - Connected to MongoDB successfully
2025-07-09 19:20:14,813 - server - INFO - 数据库连接成功
2025-07-10 01:04:15,734 - server - INFO - API路由已注册，前缀: /api/v1
2025-07-10 01:04:15,849 - server - INFO - API路由已注册，前缀: /api/v1
2025-07-10 01:04:15,851 - server - INFO - 正在连接数据库...
2025-07-10 01:04:15,930 - database - INFO - Connected to MongoDB successfully
2025-07-10 01:04:15,931 - server - INFO - 数据库连接成功
2025-07-10 01:04:32,884 - server - INFO - 正在关闭数据库连接...
2025-07-10 01:04:32,885 - database - INFO - Closed MongoDB connection
2025-07-10 01:04:32,885 - server - INFO - 数据库连接已关闭
2025-07-10 01:04:33,694 - server - INFO - API路由已注册，前缀: /api/v1
2025-07-10 01:04:33,750 - server - INFO - API路由已注册，前缀: /api/v1
2025-07-10 01:04:33,752 - server - INFO - 正在连接数据库...
2025-07-10 01:04:33,794 - database - INFO - Connected to MongoDB successfully
2025-07-10 01:04:33,794 - server - INFO - 数据库连接成功
2025-07-10 01:05:35,278 - server - INFO - 正在关闭数据库连接...
2025-07-10 01:05:35,278 - database - INFO - Closed MongoDB connection
2025-07-10 01:05:35,278 - server - INFO - 数据库连接已关闭
2025-07-10 01:05:36,142 - server - INFO - API路由已注册，前缀: /api/v1
2025-07-10 01:05:36,187 - server - INFO - API路由已注册，前缀: /api/v1
2025-07-10 01:05:36,190 - server - INFO - 正在连接数据库...
2025-07-10 01:05:36,227 - database - INFO - Connected to MongoDB successfully
2025-07-10 01:05:36,229 - server - INFO - 数据库连接成功
<<<<<<< HEAD
2025-07-10 01:08:36,254 - server - INFO - 正在关闭数据库连接...
2025-07-10 01:08:36,255 - database - INFO - Closed MongoDB connection
2025-07-10 01:08:36,256 - server - INFO - 数据库连接已关闭
2025-07-10 01:08:37,598 - server - INFO - API路由已注册，前缀: /api/v1
2025-07-10 01:08:37,599 - server - INFO - 启动服务器: NewLoveLushUserService v1.0.0
2025-07-10 01:08:38,439 - server - INFO - API路由已注册，前缀: /api/v1
2025-07-10 01:08:38,476 - server - INFO - API路由已注册，前缀: /api/v1
2025-07-10 01:08:38,479 - server - INFO - 正在连接数据库...
2025-07-10 01:08:38,512 - database - INFO - Connected to MongoDB successfully
2025-07-10 01:08:38,513 - server - INFO - 数据库连接成功
2025-07-10 01:09:18,958 - user_service - INFO - 尝试创建新男性用户: test_connection
2025-07-10 01:09:18,983 - database - INFO - Inserted document with id: 686ea23e5a40b9fb55f8e865
2025-07-10 01:09:18,983 - user_service - INFO - 用户数据已插入 MongoDB，ID: 686ea23e5a40b9fb55f8e865
2025-07-10 01:09:24,394 - user_service - INFO - 尝试创建新男性用户: non_telegram_tester
2025-07-10 01:09:24,397 - database - INFO - Inserted document with id: 686ea2445a40b9fb55f8e866
2025-07-10 01:09:24,398 - user_service - INFO - 用户数据已插入 MongoDB，ID: 686ea2445a40b9fb55f8e866
2025-07-10 01:10:53,561 - user_service - INFO - 尝试创建新男性用户: test_connection
2025-07-10 01:10:53,564 - database - INFO - Inserted document with id: 686ea29d5a40b9fb55f8e867
2025-07-10 01:10:53,565 - user_service - INFO - 用户数据已插入 MongoDB，ID: 686ea29d5a40b9fb55f8e867
2025-07-10 01:14:32,591 - server - INFO - 正在关闭数据库连接...
2025-07-10 01:14:32,593 - database - INFO - Closed MongoDB connection
2025-07-10 01:14:32,593 - server - INFO - 数据库连接已关闭
2025-07-10 01:14:33,700 - server - INFO - API路由已注册，前缀: /api/v1
2025-07-10 01:14:33,739 - server - INFO - API路由已注册，前缀: /api/v1
2025-07-10 01:14:33,741 - server - INFO - 正在连接数据库...
2025-07-10 01:14:33,775 - database - INFO - Connected to MongoDB successfully
2025-07-10 01:14:33,776 - server - INFO - 数据库连接成功
2025-07-10 01:20:02,840 - server - INFO - API路由已注册，前缀: /api/v1
2025-07-10 01:20:02,909 - server - INFO - API路由已注册，前缀: /api/v1
2025-07-10 01:20:02,912 - server - INFO - 正在连接数据库...
2025-07-10 01:20:02,987 - database - INFO - Connected to MongoDB successfully
2025-07-10 01:20:02,990 - server - INFO - 数据库连接成功
=======
2025-07-10 01:17:25,274 - server - INFO - API路由已注册，前缀: /api/v1
2025-07-10 01:17:25,315 - server - INFO - API路由已注册，前缀: /api/v1
2025-07-10 01:17:25,318 - server - INFO - 正在连接数据库...
2025-07-10 01:17:25,350 - database - INFO - Connected to MongoDB successfully
2025-07-10 01:17:25,351 - server - INFO - 数据库连接成功
<<<<<<< HEAD
>>>>>>> 9dffdd4 (Check whether allow all head works)
2025-07-10 01:20:23,653 - server - INFO - API路由已注册，前缀: /api/v1
2025-07-10 01:20:23,693 - server - INFO - API路由已注册，前缀: /api/v1
2025-07-10 01:20:23,695 - server - INFO - 正在连接数据库...
2025-07-10 01:20:23,734 - database - INFO - Connected to MongoDB successfully
2025-07-10 01:20:23,736 - server - INFO - 数据库连接成功
=======
2025-07-10 01:18:24,762 - server - INFO - API路由已注册，前缀: /api/v1
2025-07-10 01:18:24,800 - server - INFO - API路由已注册，前缀: /api/v1
2025-07-10 01:18:24,802 - server - INFO - 正在连接数据库...
2025-07-10 01:18:24,835 - database - INFO - Connected to MongoDB successfully
2025-07-10 01:18:24,836 - server - INFO - 数据库连接成功
>>>>>>> 1824414 (* works, replace back and test again)
2025-07-10 01:25:16,187 - server - INFO - API路由已注册，前缀: /api/v1
2025-07-10 01:25:16,189 - server - INFO - 启动服务器: NewLoveLushUserService v1.0.0
2025-07-10 01:25:17,215 - server - INFO - API路由已注册，前缀: /api/v1
2025-07-10 01:25:17,250 - server - INFO - API路由已注册，前缀: /api/v1
2025-07-10 01:25:17,253 - server - INFO - 正在连接数据库...
2025-07-10 01:25:17,287 - database - INFO - Connected to MongoDB successfully
2025-07-10 01:25:17,287 - server - INFO - 数据库连接成功
2025-07-10 01:38:44,436 - user_service - INFO - 尝试创建新男性用户: non_telegram_tester
2025-07-10 01:38:44,437 - user_service - ERROR - telegram_id转换失败: invalid literal for int() with base 10: 'non_telegram_tester'
2025-07-10 01:43:59,340 - user_service - INFO - 尝试创建新男性用户: 9168168168
2025-07-10 01:43:59,381 - database - INFO - Inserted document with id: 686eaa5f075f87acd9b6c613
2025-07-10 01:43:59,382 - user_service - INFO - 用户数据已插入 MongoDB User集合，ID: 686eaa5f075f87acd9b6c613
2025-07-10 01:46:24,985 - server - INFO - 正在关闭数据库连接...
2025-07-10 01:46:24,989 - database - INFO - Closed MongoDB connection
2025-07-10 01:46:24,989 - server - INFO - 数据库连接已关闭
2025-07-10 01:46:25,914 - server - INFO - API路由已注册，前缀: /api/v1
2025-07-10 01:46:25,951 - server - INFO - API路由已注册，前缀: /api/v1
2025-07-10 01:46:25,953 - server - INFO - 正在连接数据库...
2025-07-10 01:46:25,988 - database - INFO - Connected to MongoDB successfully
2025-07-10 01:46:25,989 - server - INFO - 数据库连接成功
2025-07-10 01:46:43,344 - server - INFO - 正在关闭数据库连接...
2025-07-10 01:46:43,345 - database - INFO - Closed MongoDB connection
2025-07-10 01:46:43,345 - server - INFO - 数据库连接已关闭
2025-07-10 01:46:44,096 - server - INFO - CORS允许的域名: ['https://cupid-yukio-frontend.vercel.app', 'http://localhost:5173', 'http://127.0.0.1:5173']
2025-07-10 01:46:44,099 - server - INFO - API路由已注册，前缀: /api/v1
2025-07-10 01:46:44,134 - server - INFO - CORS允许的域名: ['https://cupid-yukio-frontend.vercel.app', 'http://localhost:5173', 'http://127.0.0.1:5173']
2025-07-10 01:46:44,137 - server - INFO - API路由已注册，前缀: /api/v1
2025-07-10 01:46:44,139 - server - INFO - 正在连接数据库...
2025-07-10 01:46:44,176 - database - INFO - Connected to MongoDB successfully
2025-07-10 01:46:44,177 - server - INFO - 数据库连接成功
2025-07-10 01:46:50,198 - server - INFO - 正在关闭数据库连接...
2025-07-10 01:46:50,198 - database - INFO - Closed MongoDB connection
2025-07-10 01:46:50,199 - server - INFO - 数据库连接已关闭
2025-07-10 01:46:50,941 - server - INFO - CORS允许的域名: ['https://cupid-yukio-frontend.vercel.app', 'https://lovetapoversea.xyz:4433', 'http://localhost:5173', 'http://127.0.0.1:5173']
2025-07-10 01:46:50,944 - server - INFO - API路由已注册，前缀: /api/v1
2025-07-10 01:46:50,980 - server - INFO - CORS允许的域名: ['https://cupid-yukio-frontend.vercel.app', 'https://lovetapoversea.xyz:4433', 'http://localhost:5173', 'http://127.0.0.1:5173']
2025-07-10 01:46:50,983 - server - INFO - API路由已注册，前缀: /api/v1
2025-07-10 01:46:50,985 - server - INFO - 正在连接数据库...
2025-07-10 01:46:51,025 - database - INFO - Connected to MongoDB successfully
2025-07-10 01:46:51,026 - server - INFO - 数据库连接成功
2025-07-10 01:46:55,444 - server - INFO - 正在关闭数据库连接...
2025-07-10 01:46:55,444 - database - INFO - Closed MongoDB connection
2025-07-10 01:46:55,445 - server - INFO - 数据库连接已关闭
2025-07-10 01:46:56,250 - server - INFO - API路由已注册，前缀: /api/v1
2025-07-10 01:46:56,321 - server - INFO - API路由已注册，前缀: /api/v1
2025-07-10 01:46:56,324 - server - INFO - 正在连接数据库...
2025-07-10 01:46:56,395 - database - INFO - Connected to MongoDB successfully
2025-07-10 01:46:56,396 - server - INFO - 数据库连接成功
2025-07-10 01:51:15,231 - server - INFO - 正在关闭数据库连接...
2025-07-10 01:51:15,232 - database - INFO - Closed MongoDB connection
2025-07-10 01:51:15,232 - server - INFO - 数据库连接已关闭
2025-07-10 01:51:16,404 - server - INFO - API路由已注册，前缀: /api/v1
2025-07-10 01:51:16,442 - server - INFO - API路由已注册，前缀: /api/v1
2025-07-10 01:51:16,444 - server - INFO - 正在连接数据库...
2025-07-10 01:51:16,478 - database - INFO - Connected to MongoDB successfully
2025-07-10 01:51:16,478 - server - INFO - 数据库连接成功
2025-07-10 01:51:25,658 - user_service - INFO - 尝试创建新男性用户: 9168168168
2025-07-10 01:51:25,683 - database - INFO - Inserted document with id: 686eac1d1b015cffe9ded721
2025-07-10 01:51:25,683 - user_service - INFO - 用户数据已插入 MongoDB User集合，ID: 686eac1d1b015cffe9ded721
2025-07-10 01:52:20,078 - user_service - INFO - 尝试创建新男性用户: test123
2025-07-10 01:52:20,078 - user_service - ERROR - telegram_id转换失败: invalid literal for int() with base 10: 'test123'
2025-07-10 01:53:19,459 - user_service - INFO - 尝试创建新男性用户: test123
2025-07-10 01:53:19,460 - user_service - ERROR - telegram_id转换失败: invalid literal for int() with base 10: 'test123'
2025-07-10 01:53:34,914 - server - INFO - 正在关闭数据库连接...
2025-07-10 01:53:34,918 - database - INFO - Closed MongoDB connection
2025-07-10 01:53:34,919 - server - INFO - 数据库连接已关闭
2025-07-10 01:53:35,669 - server - INFO - API路由已注册，前缀: /api/v1
2025-07-10 01:53:35,720 - server - INFO - API路由已注册，前缀: /api/v1
2025-07-10 01:53:35,722 - server - INFO - 正在连接数据库...
2025-07-10 01:53:35,786 - database - INFO - Connected to MongoDB successfully
2025-07-10 01:53:35,787 - server - INFO - 数据库连接成功
2025-07-10 01:53:37,964 - user_service - INFO - 尝试创建新男性用户: 9168168168
2025-07-10 01:53:37,989 - database - INFO - Inserted document with id: 686eaca17341639a886e9a79
2025-07-10 01:53:37,989 - user_service - INFO - 用户数据已插入 MongoDB User集合，ID: 686eaca17341639a886e9a79
2025-07-10 01:53:40,504 - user_service - INFO - 尝试创建新男性用户: 9168168168
2025-07-10 01:53:40,508 - database - INFO - Inserted document with id: 686eaca47341639a886e9a7a
2025-07-10 01:53:40,508 - user_service - INFO - 用户数据已插入 MongoDB User集合，ID: 686eaca47341639a886e9a7a
2025-07-10 01:56:05,064 - user_service - INFO - 尝试创建新男性用户: 9168168168
2025-07-10 01:56:05,067 - database - INFO - Inserted document with id: 686ead357341639a886e9a7b
2025-07-10 01:56:05,068 - user_service - INFO - 用户数据已插入 MongoDB User集合，ID: 686ead357341639a886e9a7b
2025-07-10 01:58:11,678 - server - INFO - 正在关闭数据库连接...
2025-07-10 01:58:11,680 - database - INFO - Closed MongoDB connection
2025-07-10 01:58:11,680 - server - INFO - 数据库连接已关闭
2025-07-10 01:58:12,540 - server - INFO - API路由已注册，前缀: /api/v1
2025-07-10 01:58:12,578 - server - INFO - API路由已注册，前缀: /api/v1
2025-07-10 01:58:12,581 - server - INFO - 正在连接数据库...
2025-07-10 01:58:12,614 - database - INFO - Connected to MongoDB successfully
2025-07-10 01:58:12,615 - server - INFO - 数据库连接成功
2025-07-10 02:00:06,258 - server - INFO - 正在关闭数据库连接...
2025-07-10 02:00:06,258 - database - INFO - Closed MongoDB connection
2025-07-10 02:00:06,260 - server - INFO - 数据库连接已关闭
2025-07-10 02:00:07,160 - server - INFO - API路由已注册，前缀: /api/v1
2025-07-10 02:00:07,232 - server - INFO - API路由已注册，前缀: /api/v1
2025-07-10 02:00:07,235 - server - INFO - 正在连接数据库...
2025-07-10 02:00:07,271 - database - INFO - Connected to MongoDB successfully
2025-07-10 02:00:07,272 - server - INFO - 数据库连接成功
2025-07-10 02:00:18,648 - server - INFO - 正在关闭数据库连接...
2025-07-10 02:00:18,648 - database - INFO - Closed MongoDB connection
2025-07-10 02:00:18,649 - server - INFO - 数据库连接已关闭
2025-07-10 02:00:19,865 - server - INFO - API路由已注册，前缀: /api/v1
2025-07-10 02:00:19,903 - server - INFO - API路由已注册，前缀: /api/v1
2025-07-10 02:00:19,905 - server - INFO - 正在连接数据库...
2025-07-10 02:00:19,940 - database - INFO - Connected to MongoDB successfully
2025-07-10 02:00:19,941 - server - INFO - 数据库连接成功
2025-07-10 02:00:28,469 - server - INFO - 正在关闭数据库连接...
2025-07-10 02:00:28,470 - database - INFO - Closed MongoDB connection
2025-07-10 02:00:28,470 - server - INFO - 数据库连接已关闭
2025-07-10 02:00:29,718 - server - INFO - API路由已注册，前缀: /api/v1
2025-07-10 02:00:29,719 - server - INFO - 启动服务器: NewLoveLushUserService v1.0.0
2025-07-10 02:00:30,594 - server - INFO - API路由已注册，前缀: /api/v1
2025-07-10 02:00:30,630 - server - INFO - API路由已注册，前缀: /api/v1
2025-07-10 02:00:30,633 - server - INFO - 正在连接数据库...
2025-07-10 02:00:30,668 - database - INFO - Connected to MongoDB successfully
2025-07-10 02:00:30,669 - server - INFO - 数据库连接成功
2025-07-10 02:00:39,703 - user_service - INFO - 尝试创建新男性用户: 9168168168
2025-07-10 02:00:39,728 - database - INFO - Inserted document with id: 686eae47ca4355006941b85e
2025-07-10 02:00:39,729 - user_service - INFO - 用户数据已插入 MongoDB User集合，ID: 686eae47ca4355006941b85e
2025-07-10 02:00:57,689 - user_service - INFO - 尝试创建新男性用户: 9168168168
2025-07-10 02:00:57,692 - database - INFO - Inserted document with id: 686eae59ca4355006941b85f
2025-07-10 02:00:57,692 - user_service - INFO - 用户数据已插入 MongoDB User集合，ID: 686eae59ca4355006941b85f
2025-07-10 02:03:33,599 - user_service - INFO - 尝试创建新男性用户: 9168168168
2025-07-10 02:03:33,604 - database - INFO - Inserted document with id: 686eaef5ca4355006941b860
2025-07-10 02:03:33,605 - user_service - INFO - 用户数据已插入 MongoDB User集合，ID: 686eaef5ca4355006941b860
2025-07-10 02:03:50,686 - server - INFO - 正在关闭数据库连接...
2025-07-10 02:03:50,688 - database - INFO - Closed MongoDB connection
2025-07-10 02:03:50,689 - server - INFO - 数据库连接已关闭
2025-07-10 02:04:01,826 - server - INFO - API路由已注册，前缀: /api/v1
2025-07-10 02:04:01,827 - server - INFO - 启动服务器: NewLoveLushUserService v1.0.0
2025-07-10 02:04:02,626 - server - INFO - API路由已注册，前缀: /api/v1
2025-07-10 02:04:02,681 - server - INFO - API路由已注册，前缀: /api/v1
2025-07-10 02:04:02,683 - server - INFO - 正在连接数据库...
2025-07-10 02:04:02,718 - database - INFO - Connected to MongoDB successfully
2025-07-10 02:04:02,718 - server - INFO - 数据库连接成功
2025-07-10 02:04:12,242 - user_service - INFO - 尝试创建新男性用户: 9168168168
2025-07-10 02:04:12,271 - database - INFO - Inserted document with id: 686eaf1cb8487b589fa6316a
2025-07-10 02:04:12,272 - user_service - INFO - 用户数据已插入 MongoDB User集合，ID: 686eaf1cb8487b589fa6316a
2025-07-10 02:05:42,345 - server - INFO - 正在关闭数据库连接...
2025-07-10 02:05:42,348 - database - INFO - Closed MongoDB connection
2025-07-10 02:05:42,348 - server - INFO - 数据库连接已关闭
2025-07-10 02:05:43,137 - server - INFO - API路由已注册，前缀: /api/v1
2025-07-10 02:05:43,177 - server - INFO - API路由已注册，前缀: /api/v1
2025-07-10 02:05:43,180 - server - INFO - 正在连接数据库...
2025-07-10 02:05:43,213 - database - INFO - Connected to MongoDB successfully
2025-07-10 02:05:43,214 - server - INFO - 数据库连接成功
2025-07-10 02:06:14,727 - user_service - INFO - 尝试创建新男性用户: 9168168168
2025-07-10 02:06:14,780 - database - INFO - Inserted document with id: 686eaf96bd973c7af08437c4
2025-07-10 02:06:14,781 - user_service - INFO - 用户数据已插入 MongoDB User集合，ID: 686eaf96bd973c7af08437c4
2025-07-10 02:06:43,116 - server - INFO - 正在关闭数据库连接...
2025-07-10 02:06:43,118 - database - INFO - Closed MongoDB connection
2025-07-10 02:06:43,118 - server - INFO - 数据库连接已关闭
2025-07-10 02:06:44,272 - server - INFO - API路由已注册，前缀: /api/v1
2025-07-10 02:06:44,273 - server - INFO - 启动服务器: NewLoveLushUserService v1.0.0
2025-07-10 02:06:45,110 - server - INFO - API路由已注册，前缀: /api/v1
2025-07-10 02:06:45,151 - server - INFO - API路由已注册，前缀: /api/v1
2025-07-10 02:06:45,153 - server - INFO - 正在连接数据库...
2025-07-10 02:06:45,190 - database - INFO - Connected to MongoDB successfully
2025-07-10 02:06:45,191 - server - INFO - 数据库连接成功
2025-07-10 02:07:00,024 - user_service - INFO - 尝试创建新男性用户: 9168168168
2025-07-10 02:07:00,050 - database - INFO - Inserted document with id: 686eafc47d6e2abd8b0e9974
2025-07-10 02:07:00,050 - user_service - INFO - 用户数据已插入 MongoDB User集合，ID: 686eafc47d6e2abd8b0e9974
2025-07-10 02:08:02,933 - server - INFO - 正在关闭数据库连接...
2025-07-10 02:08:02,935 - database - INFO - Closed MongoDB connection
2025-07-10 02:08:02,936 - server - INFO - 数据库连接已关闭
2025-07-10 02:08:14,047 - server - INFO - API路由已注册，前缀: /api/v1
2025-07-10 02:08:14,048 - server - INFO - 启动服务器: NewLoveLushUserService v1.0.0
2025-07-10 02:08:14,119 - server - INFO - API路由已注册，前缀: /api/v1
2025-07-10 02:08:14,121 - server - INFO - 正在连接数据库...
2025-07-10 02:08:14,157 - database - INFO - Connected to MongoDB successfully
2025-07-10 02:08:14,158 - server - INFO - 数据库连接成功
2025-07-10 02:09:33,801 - user_service - INFO - 尝试创建新男性用户: 9168168168
2025-07-10 02:09:33,829 - database - INFO - Inserted document with id: 686eb05de5cbaa6da224485a
2025-07-10 02:09:33,829 - user_service - INFO - 用户数据已插入 MongoDB User集合，ID: 686eb05de5cbaa6da224485a
2025-07-10 02:09:41,687 - user_service - INFO - 尝试创建新男性用户: 9168168168
2025-07-10 02:09:41,693 - database - INFO - Inserted document with id: 686eb065e5cbaa6da224485b
2025-07-10 02:09:41,695 - user_service - INFO - 用户数据已插入 MongoDB User集合，ID: 686eb065e5cbaa6da224485b
2025-07-10 02:10:37,061 - user_service - INFO - 尝试创建新男性用户: 9168168168
2025-07-10 02:10:37,066 - database - INFO - Inserted document with id: 686eb09de5cbaa6da224485c
2025-07-10 02:10:37,066 - user_service - INFO - 用户数据已插入 MongoDB User集合，ID: 686eb09de5cbaa6da224485c
2025-07-10 15:30:43,442 - server - INFO - CORS允许的域名: ['https://cupid-yukio-frontend.vercel.app', 'http://localhost:5173', 'http://127.0.0.1:5173']
2025-07-10 15:30:43,482 - server - INFO - API路由已注册，前缀: /api/v1
2025-07-10 15:30:43,483 - server - INFO - 启动服务器: NewLoveLushUserService v1.0.0
2025-07-10 15:30:43,526 - server - INFO - CORS允许的域名: ['https://cupid-yukio-frontend.vercel.app', 'http://localhost:5173', 'http://127.0.0.1:5173']
2025-07-10 15:30:43,531 - server - INFO - API路由已注册，前缀: /api/v1
2025-07-10 15:30:43,533 - server - INFO - 正在连接数据库...
2025-07-10 15:30:43,573 - database - INFO - Connected to MongoDB successfully
2025-07-10 15:30:43,574 - server - INFO - 数据库连接成功
2025-07-10 15:30:52,880 - user_service - INFO - 尝试创建新男性用户: 9168168168
2025-07-10 15:30:52,909 - database - INFO - Inserted document with id: 686f6c2c9564f7ee6c679483
2025-07-10 15:30:52,909 - user_service - INFO - 用户数据已插入 MongoDB User集合，ID: 686f6c2c9564f7ee6c679483
2025-07-12 01:52:25,278 - server - INFO - CORS允许的域名: ['https://cupid-yukio-frontend.vercel.app', 'https://cupid-yukio-frontend-test.vercel.app', 'http://localhost:5173', 'http://127.0.0.1:5173']
2025-07-12 01:52:25,299 - server - INFO - API路由已注册，前缀: /api/v1
2025-07-12 01:52:25,300 - server - INFO - 启动服务器: NewLoveLushUserService v1.0.0
2025-07-12 01:52:25,340 - server - INFO - CORS允许的域名: ['https://cupid-yukio-frontend.vercel.app', 'https://cupid-yukio-frontend-test.vercel.app', 'http://localhost:5173', 'http://127.0.0.1:5173']
2025-07-12 01:52:25,373 - server - INFO - API路由已注册，前缀: /api/v1
2025-07-12 01:52:25,375 - server - INFO - 正在连接数据库...
2025-07-12 01:52:25,416 - database - INFO - Connected to MongoDB successfully
2025-07-12 01:52:25,417 - server - INFO - 数据库连接成功
2025-07-12 01:52:40,921 - user_endpoints - ERROR - 获取用户性别失败: type object 'UserService' has no attribute 'get_user_gender_from_telegram_session'
2025-07-12 01:57:49,265 - user_endpoints - ERROR - 获取用户性别失败: type object 'UserService' has no attribute 'get_user_gender_from_telegram_session'
2025-07-12 01:58:08,159 - user_endpoints - ERROR - 获取用户性别失败: type object 'UserService' has no attribute 'get_user_gender_from_telegram_session'
2025-07-12 02:02:50,089 - server - INFO - 正在关闭数据库连接...
2025-07-12 02:02:50,090 - database - INFO - Closed MongoDB connection
2025-07-12 02:02:50,090 - server - INFO - 数据库连接已关闭
2025-07-12 02:02:52,549 - server - INFO - CORS允许的域名: ['https://cupid-yukio-frontend.vercel.app', 'https://cupid-yukio-frontend-test.vercel.app', 'http://localhost:5173', 'http://127.0.0.1:5173']
2025-07-12 02:02:52,572 - server - INFO - API路由已注册，前缀: /api/v1
2025-07-12 02:02:52,573 - server - INFO - 启动服务器: NewLoveLushUserService v1.0.0
2025-07-12 02:02:52,612 - server - INFO - CORS允许的域名: ['https://cupid-yukio-frontend.vercel.app', 'https://cupid-yukio-frontend-test.vercel.app', 'http://localhost:5173', 'http://127.0.0.1:5173']
2025-07-12 02:02:52,633 - server - INFO - API路由已注册，前缀: /api/v1
2025-07-12 02:02:52,635 - server - INFO - 正在连接数据库...
2025-07-12 02:02:52,681 - database - INFO - Connected to MongoDB successfully
2025-07-12 02:02:52,681 - server - INFO - 数据库连接成功
2025-07-12 02:03:03,110 - user_service - INFO - 尝试从telegram_sessions表获取telegram_id 9168168168 的性别
2025-07-12 02:03:03,138 - user_service - WARNING - 在telegram_sessions表中未找到telegram_id 9168168168 或其性别信息
2025-07-12 02:03:03,138 - user_service - ERROR - 获取telegram_id 9168168168 性别时发生未知错误: 404: 用户未找到或性别信息缺失
2025-07-12 02:03:03,139 - user_endpoints - ERROR - 获取用户性别失败: 500: 获取用户性别失败: 404: 用户未找到或性别信息缺失
2025-07-12 02:04:48,032 - user_service - INFO - 尝试从telegram_sessions表获取telegram_id 9168168168 的性别
2025-07-12 02:04:48,035 - user_service - INFO - 成功找到telegram_id 9168168168 的性别: 1
2025-07-12 02:04:48,480 - user_service - INFO - 尝试创建女性用户，telegram_id: telegram_id=9168168168
2025-07-12 02:04:48,482 - database - ERROR - Error finding document: Invalid document {'find': 'telegram_sessions', 'filter': {'_id': CreateNewFemaleUserRequest(telegram_id=9168168168)}, 'limit': 1, 'singleBatch': True, 'lsid': {'id': Binary(b'\xd0\tH\x96KoDc\xbd\xd6V\x02E\r\xb0\x02', 4)}, '$db': 'lovelush_db'} | cannot encode object: CreateNewFemaleUserRequest(telegram_id=9168168168), of type: <class 'app.schemas.users.CreateNewFemaleUserRequest'>
2025-07-12 02:04:48,482 - user_service - ERROR - 创建女性用户时发生未知错误: Invalid document {'find': 'telegram_sessions', 'filter': {'_id': CreateNewFemaleUserRequest(telegram_id=9168168168)}, 'limit': 1, 'singleBatch': True, 'lsid': {'id': Binary(b'\xd0\tH\x96KoDc\xbd\xd6V\x02E\r\xb0\x02', 4)}, '$db': 'lovelush_db'} | cannot encode object: CreateNewFemaleUserRequest(telegram_id=9168168168), of type: <class 'app.schemas.users.CreateNewFemaleUserRequest'>
2025-07-12 02:05:22,555 - user_service - INFO - 尝试从telegram_sessions表获取telegram_id 9168168168 的性别
2025-07-12 02:05:22,558 - user_service - INFO - 成功找到telegram_id 9168168168 的性别: 2
2025-07-12 02:05:35,082 - database - INFO - Inserted document with id: 9168168168
2025-07-12 02:05:35,082 - user_service - INFO - 男用户数据已插入 MongoDB User集合，ID: 9168168168
2025-07-12 02:10:57,073 - user_service - INFO - 尝试从telegram_sessions表获取telegram_id 9168168168 的性别
2025-07-12 02:10:57,076 - user_service - INFO - 成功找到telegram_id 9168168168 的性别: 2
2025-07-12 02:11:01,286 - database - ERROR - Error inserting document: E11000 duplicate key error collection: lovelush_db.User index: _id_ dup key: { _id: 9168168168 }, full error: {'index': 0, 'code': 11000, 'errmsg': 'E11000 duplicate key error collection: lovelush_db.User index: _id_ dup key: { _id: 9168168168 }', 'keyPattern': {'_id': 1}, 'keyValue': {'_id': 9168168168}}
2025-07-12 02:11:01,287 - user_service - ERROR - 创建男用户失败: E11000 duplicate key error collection: lovelush_db.User index: _id_ dup key: { _id: 9168168168 }, full error: {'index': 0, 'code': 11000, 'errmsg': 'E11000 duplicate key error collection: lovelush_db.User index: _id_ dup key: { _id: 9168168168 }', 'keyPattern': {'_id': 1}, 'keyValue': {'_id': 9168168168}}
2025-07-12 02:16:45,335 - user_service - INFO - 尝试从telegram_sessions表获取telegram_id 7226798439 的性别
2025-07-12 02:16:45,338 - user_service - INFO - 成功找到telegram_id 7226798439 的性别: 2
2025-07-12 02:17:08,028 - database - INFO - Inserted document with id: 7226798439
2025-07-12 02:17:08,028 - user_service - INFO - 男用户数据已插入 MongoDB User集合，ID: 7226798439
2025-07-12 02:17:40,343 - user_service - INFO - 尝试从telegram_sessions表获取telegram_id 7226798439 的性别
2025-07-12 02:17:40,346 - user_service - INFO - 成功找到telegram_id 7226798439 的性别: 2
2025-07-12 02:17:45,943 - user_service - INFO - 尝试从telegram_sessions表获取telegram_id 7226798439 的性别
2025-07-12 02:17:45,946 - user_service - INFO - 成功找到telegram_id 7226798439 的性别: 2
2025-07-12 02:18:19,235 - user_service - INFO - 尝试从telegram_sessions表获取telegram_id 7226798439 的性别
2025-07-12 02:18:19,238 - user_service - INFO - 成功找到telegram_id 7226798439 的性别: female
2025-07-12 02:18:19,239 - user_service - ERROR - 获取telegram_id 7226798439 性别时发生未知错误: 1 validation error for GetTelegramSessionGenderResponse
gender
  Input should be a valid integer, unable to parse string as an integer [type=int_parsing, input_value='female', input_type=str]
    For further information visit https://errors.pydantic.dev/2.11/v/int_parsing
2025-07-12 02:18:19,240 - user_endpoints - ERROR - 获取用户性别失败: 500: 获取用户性别失败: 1 validation error for GetTelegramSessionGenderResponse
gender
  Input should be a valid integer, unable to parse string as an integer [type=int_parsing, input_value='female', input_type=str]
    For further information visit https://errors.pydantic.dev/2.11/v/int_parsing
2025-07-12 02:46:50,466 - server - INFO - CORS允许的域名: ['https://cupid-yukio-frontend.vercel.app', 'https://cupid-yukio-frontend-test.vercel.app', 'http://localhost:5173', 'http://127.0.0.1:5173']
2025-07-12 02:46:50,489 - server - INFO - API路由已注册，前缀: /api/v1
2025-07-12 02:46:50,490 - server - INFO - 启动服务器: NewLoveLushUserService v1.0.0
2025-07-12 02:46:50,603 - server - INFO - CORS允许的域名: ['https://cupid-yukio-frontend.vercel.app', 'https://cupid-yukio-frontend-test.vercel.app', 'http://localhost:5173', 'http://127.0.0.1:5173']
2025-07-12 02:46:50,625 - server - INFO - API路由已注册，前缀: /api/v1
2025-07-12 02:46:50,628 - server - INFO - 正在连接数据库...
2025-07-12 02:46:50,691 - database - INFO - Connected to MongoDB successfully
2025-07-12 02:46:50,692 - server - INFO - 数据库连接成功
2025-07-12 02:46:58,028 - user_service - INFO - 尝试从telegram_sessions表获取telegram_id 7226798439 的性别
2025-07-12 02:46:58,061 - user_service - INFO - 成功找到telegram_id 7226798439 的性别: 1
2025-07-12 02:46:58,760 - user_service - INFO - 尝试创建女性用户，telegram_id: telegram_id=7226798439
2025-07-12 02:46:58,762 - database - ERROR - Error finding document: Invalid document {'find': 'telegram_sessions', 'filter': {'_id': CreateNewFemaleUserRequest(telegram_id=7226798439)}, 'limit': 1, 'singleBatch': True, 'lsid': {'id': Binary(b'\xa8:]\xb2\xf4FI\x1f\xb63\x96\xfe\xee%\xd1f', 4)}, '$db': 'lovelush_db'} | cannot encode object: CreateNewFemaleUserRequest(telegram_id=7226798439), of type: <class 'app.schemas.users.CreateNewFemaleUserRequest'>
2025-07-12 02:46:58,763 - user_service - ERROR - 创建女性用户时发生未知错误: Invalid document {'find': 'telegram_sessions', 'filter': {'_id': CreateNewFemaleUserRequest(telegram_id=7226798439)}, 'limit': 1, 'singleBatch': True, 'lsid': {'id': Binary(b'\xa8:]\xb2\xf4FI\x1f\xb63\x96\xfe\xee%\xd1f', 4)}, '$db': 'lovelush_db'} | cannot encode object: CreateNewFemaleUserRequest(telegram_id=7226798439), of type: <class 'app.schemas.users.CreateNewFemaleUserRequest'>
2025-07-12 03:38:35,459 - server - INFO - CORS允许的域名: ['https://cupid-yukio-frontend.vercel.app', 'https://cupid-yukio-frontend-test.vercel.app', 'http://localhost:5173', 'http://127.0.0.1:5173']
2025-07-12 03:38:35,487 - server - INFO - API路由已注册，前缀: /api/v1
2025-07-12 03:38:35,488 - server - INFO - 启动服务器: NewLoveLushUserService v1.0.0
2025-07-12 03:38:35,588 - server - INFO - CORS允许的域名: ['https://cupid-yukio-frontend.vercel.app', 'https://cupid-yukio-frontend-test.vercel.app', 'http://localhost:5173', 'http://127.0.0.1:5173']
2025-07-12 03:38:35,612 - server - INFO - API路由已注册，前缀: /api/v1
2025-07-12 03:38:35,615 - server - INFO - 正在连接数据库...
2025-07-12 03:38:35,686 - database - INFO - Connected to MongoDB successfully
2025-07-12 03:38:35,686 - server - INFO - 数据库连接成功
2025-07-12 03:45:36,637 - server - INFO - CORS允许的域名: ['https://cupid-yukio-frontend.vercel.app', 'https://cupid-yukio-frontend-test.vercel.app', 'http://localhost:5173', 'http://127.0.0.1:5173']
2025-07-12 03:45:36,665 - server - INFO - API路由已注册，前缀: /api/v1
2025-07-12 03:45:36,666 - server - INFO - 启动服务器: NewLoveLushUserService v1.0.0
2025-07-12 03:45:36,708 - server - INFO - CORS允许的域名: ['https://cupid-yukio-frontend.vercel.app', 'https://cupid-yukio-frontend-test.vercel.app', 'http://localhost:5173', 'http://127.0.0.1:5173']
2025-07-12 03:45:36,732 - server - INFO - API路由已注册，前缀: /api/v1
2025-07-12 03:45:36,734 - server - INFO - 正在连接数据库...
2025-07-12 03:45:36,775 - database - INFO - Connected to MongoDB successfully
2025-07-12 03:45:36,776 - server - INFO - 数据库连接成功
2025-07-12 03:45:45,854 - user_service - INFO - 尝试从telegram_sessions表获取telegram_id 7226798439 的性别
2025-07-12 03:45:45,883 - user_service - INFO - 成功找到telegram_id 7226798439 的性别: 2
2025-07-12 03:46:11,146 - database - ERROR - Error inserting document: E11000 duplicate key error collection: lovelush_db.User index: _id_ dup key: { _id: 7226798439 }, full error: {'index': 0, 'code': 11000, 'errmsg': 'E11000 duplicate key error collection: lovelush_db.User index: _id_ dup key: { _id: 7226798439 }', 'keyPattern': {'_id': 1}, 'keyValue': {'_id': 7226798439}}
2025-07-12 03:46:11,147 - user_service - ERROR - 创建男用户失败: E11000 duplicate key error collection: lovelush_db.User index: _id_ dup key: { _id: 7226798439 }, full error: {'index': 0, 'code': 11000, 'errmsg': 'E11000 duplicate key error collection: lovelush_db.User index: _id_ dup key: { _id: 7226798439 }', 'keyPattern': {'_id': 1}, 'keyValue': {'_id': 7226798439}}
2025-07-12 03:46:32,778 - user_service - INFO - 尝试从telegram_sessions表获取telegram_id 7226798439 的性别
2025-07-12 03:46:32,782 - user_service - INFO - 成功找到telegram_id 7226798439 的性别: 2
2025-07-12 03:46:36,919 - database - ERROR - Error inserting document: E11000 duplicate key error collection: lovelush_db.User index: _id_ dup key: { _id: 7226798439 }, full error: {'index': 0, 'code': 11000, 'errmsg': 'E11000 duplicate key error collection: lovelush_db.User index: _id_ dup key: { _id: 7226798439 }', 'keyPattern': {'_id': 1}, 'keyValue': {'_id': 7226798439}}
2025-07-12 03:46:36,919 - user_service - ERROR - 创建男用户失败: E11000 duplicate key error collection: lovelush_db.User index: _id_ dup key: { _id: 7226798439 }, full error: {'index': 0, 'code': 11000, 'errmsg': 'E11000 duplicate key error collection: lovelush_db.User index: _id_ dup key: { _id: 7226798439 }', 'keyPattern': {'_id': 1}, 'keyValue': {'_id': 7226798439}}
2025-07-12 03:46:57,510 - user_service - INFO - 尝试从telegram_sessions表获取telegram_id 7226798439 的性别
2025-07-12 03:46:57,518 - user_service - INFO - 成功找到telegram_id 7226798439 的性别: 2
2025-07-12 03:47:01,539 - database - INFO - Inserted document with id: 7226798439
2025-07-12 03:47:01,540 - user_service - INFO - 男用户数据已插入 MongoDB User集合，ID: 7226798439
2025-07-12 03:47:20,605 - user_service - INFO - 尝试从telegram_sessions表获取telegram_id 7226798439 的性别
2025-07-12 03:47:20,608 - user_service - INFO - 成功找到telegram_id 7226798439 的性别: 2
2025-07-12 03:47:24,685 - database - INFO - Inserted document with id: 7226798439
2025-07-12 03:47:24,685 - user_service - INFO - 男用户数据已插入 MongoDB User集合，ID: 7226798439
2025-07-12 03:54:46,251 - server - INFO - 正在关闭数据库连接...
2025-07-12 03:54:46,255 - database - INFO - Closed MongoDB connection
2025-07-12 03:54:46,255 - server - INFO - 数据库连接已关闭
2025-07-12 03:54:48,635 - server - INFO - CORS允许的域名: ['https://cupid-yukio-frontend.vercel.app', 'https://cupid-yukio-frontend-test.vercel.app', 'http://localhost:5173', 'http://127.0.0.1:5173']
2025-07-12 03:54:48,662 - server - INFO - API路由已注册，前缀: /api/v1
2025-07-12 03:54:48,663 - server - INFO - 启动服务器: NewLoveLushUserService v1.0.0
2025-07-12 03:54:48,857 - server - INFO - CORS允许的域名: ['https://cupid-yukio-frontend.vercel.app', 'https://cupid-yukio-frontend-test.vercel.app', 'http://localhost:5173', 'http://127.0.0.1:5173']
2025-07-12 03:54:48,886 - server - INFO - API路由已注册，前缀: /api/v1
2025-07-12 03:54:48,889 - server - INFO - 正在连接数据库...
2025-07-12 03:54:48,951 - database - INFO - Connected to MongoDB successfully
2025-07-12 03:54:48,953 - server - INFO - 数据库连接成功
2025-07-12 03:55:05,462 - server - INFO - 🔵 [req_1752263705462] ====== 收到新请求 ======
2025-07-12 03:55:05,464 - server - INFO - 🔵 [req_1752263705462] 时间: 2025-07-12 03:55:05
2025-07-12 03:55:05,466 - server - INFO - 🔵 [req_1752263705462] 方法: POST
2025-07-12 03:55:05,466 - server - INFO - 🔵 [req_1752263705462] URL: https://lovetapoversea.xyz/api/v1/users/get_user_exist
2025-07-12 03:55:05,468 - server - INFO - 🔵 [req_1752263705462] 路径: /api/v1/users/get_user_exist
2025-07-12 03:55:05,469 - server - INFO - 🔵 [req_1752263705462] 客户端IP: 5.34.216.10
2025-07-12 03:55:05,471 - server - INFO - 🔵 [req_1752263705462] ====== 请求头 ======
2025-07-12 03:55:05,473 - server - INFO - 🔵 [req_1752263705462] connection: upgrade
2025-07-12 03:55:05,477 - server - INFO - 🔵 [req_1752263705462] host: lovetapoversea.xyz
2025-07-12 03:55:05,477 - server - INFO - 🔵 [req_1752263705462] x-real-ip: 5.34.216.10
2025-07-12 03:55:05,478 - server - INFO - 🔵 [req_1752263705462] x-forwarded-for: 5.34.216.10
2025-07-12 03:55:05,478 - server - INFO - 🔵 [req_1752263705462] x-forwarded-proto: https
2025-07-12 03:55:05,479 - server - INFO - 🔵 [req_1752263705462] content-length: 26
2025-07-12 03:55:05,481 - server - INFO - 🔵 [req_1752263705462] content-type: application/json
2025-07-12 03:55:05,482 - server - INFO - 🔵 [req_1752263705462] accept: application/json
2025-07-12 03:55:05,486 - server - INFO - 🔵 [req_1752263705462] sec-fetch-site: cross-site
2025-07-12 03:55:05,487 - server - INFO - 🔵 [req_1752263705462] accept-language: zh-CN,zh-Hans;q=0.9
2025-07-12 03:55:05,488 - server - INFO - 🔵 [req_1752263705462] accept-encoding: gzip, deflate, br
2025-07-12 03:55:05,489 - server - INFO - 🔵 [req_1752263705462] sec-fetch-mode: cors
2025-07-12 03:55:05,490 - server - INFO - 🔵 [req_1752263705462] origin: https://cupid-yukio-frontend.vercel.app
2025-07-12 03:55:05,491 - server - INFO - 🔵 [req_1752263705462] user-agent: Mozilla/5.0 (iPhone; CPU iPhone OS 18_5 like Mac OS X) AppleWebKit/605.1.15 (KHTML, like Gecko) Mobile/15E148
2025-07-12 03:55:05,494 - server - INFO - 🔵 [req_1752263705462] referer: https://cupid-yukio-frontend.vercel.app/
2025-07-12 03:55:05,494 - server - INFO - 🔵 [req_1752263705462] sec-fetch-dest: empty
2025-07-12 03:55:05,496 - server - INFO - 🔵 [req_1752263705462] ====== 请求体 ======
2025-07-12 03:55:05,497 - server - INFO - 🔵 [req_1752263705462] 原始数据: b'{"telegram_id":7226798439}'
2025-07-12 03:55:05,498 - server - INFO - 🔵 [req_1752263705462] JSON数据: {
  "telegram_id": 7226798439
}
2025-07-12 03:55:05,504 - server - INFO - 🟢 [req_1752263705462] ====== 响应信息 ======
2025-07-12 03:55:05,506 - server - INFO - 🟢 [req_1752263705462] 状态码: 200
2025-07-12 03:55:05,510 - server - INFO - 🟢 [req_1752263705462] 处理时间: 0.005秒
2025-07-12 03:55:05,510 - server - INFO - 🟢 [req_1752263705462] ====== 响应头 ======
2025-07-12 03:55:05,511 - server - INFO - 🟢 [req_1752263705462] content-length: 17
2025-07-12 03:55:05,511 - server - INFO - 🟢 [req_1752263705462] content-type: application/json
2025-07-12 03:55:05,513 - server - INFO - 🟢 [req_1752263705462] ====== 响应体 ======
2025-07-12 03:55:05,517 - server - INFO - 🟢 [req_1752263705462] JSON响应: {
  "success": false
}
2025-07-12 03:55:05,517 - server - INFO - 🟢 [req_1752263705462] ====== 请求完成 ======
2025-07-12 03:55:06,245 - server - INFO - 🔵 [req_1752263706245] ====== 收到新请求 ======
2025-07-12 03:55:06,245 - server - INFO - 🔵 [req_1752263706245] 时间: 2025-07-12 03:55:06
2025-07-12 03:55:06,245 - server - INFO - 🔵 [req_1752263706245] 方法: POST
2025-07-12 03:55:06,245 - server - INFO - 🔵 [req_1752263706245] URL: https://lovetapoversea.xyz/api/v1/users/get_user_from_telegram_session
2025-07-12 03:55:06,245 - server - INFO - 🔵 [req_1752263706245] 路径: /api/v1/users/get_user_from_telegram_session
2025-07-12 03:55:06,245 - server - INFO - 🔵 [req_1752263706245] 客户端IP: 5.34.216.10
2025-07-12 03:55:06,246 - server - INFO - 🔵 [req_1752263706245] ====== 请求头 ======
2025-07-12 03:55:06,246 - server - INFO - 🔵 [req_1752263706245] connection: upgrade
2025-07-12 03:55:06,246 - server - INFO - 🔵 [req_1752263706245] host: lovetapoversea.xyz
2025-07-12 03:55:06,246 - server - INFO - 🔵 [req_1752263706245] x-real-ip: 5.34.216.10
2025-07-12 03:55:06,246 - server - INFO - 🔵 [req_1752263706245] x-forwarded-for: 5.34.216.10
2025-07-12 03:55:06,246 - server - INFO - 🔵 [req_1752263706245] x-forwarded-proto: https
2025-07-12 03:55:06,247 - server - INFO - 🔵 [req_1752263706245] content-length: 26
2025-07-12 03:55:06,247 - server - INFO - 🔵 [req_1752263706245] content-type: application/json
2025-07-12 03:55:06,247 - server - INFO - 🔵 [req_1752263706245] accept: application/json
2025-07-12 03:55:06,247 - server - INFO - 🔵 [req_1752263706245] sec-fetch-site: cross-site
2025-07-12 03:55:06,247 - server - INFO - 🔵 [req_1752263706245] accept-language: zh-CN,zh-Hans;q=0.9
2025-07-12 03:55:06,247 - server - INFO - 🔵 [req_1752263706245] accept-encoding: gzip, deflate, br
2025-07-12 03:55:06,247 - server - INFO - 🔵 [req_1752263706245] sec-fetch-mode: cors
2025-07-12 03:55:06,247 - server - INFO - 🔵 [req_1752263706245] origin: https://cupid-yukio-frontend.vercel.app
2025-07-12 03:55:06,247 - server - INFO - 🔵 [req_1752263706245] user-agent: Mozilla/5.0 (iPhone; CPU iPhone OS 18_5 like Mac OS X) AppleWebKit/605.1.15 (KHTML, like Gecko) Mobile/15E148
2025-07-12 03:55:06,247 - server - INFO - 🔵 [req_1752263706245] referer: https://cupid-yukio-frontend.vercel.app/
2025-07-12 03:55:06,248 - server - INFO - 🔵 [req_1752263706245] sec-fetch-dest: empty
2025-07-12 03:55:06,249 - server - INFO - 🔵 [req_1752263706245] ====== 请求体 ======
2025-07-12 03:55:06,251 - server - INFO - 🔵 [req_1752263706245] 原始数据: b'{"telegram_id":7226798439}'
2025-07-12 03:55:06,251 - server - INFO - 🔵 [req_1752263706245] JSON数据: {
  "telegram_id": 7226798439
}
2025-07-12 03:55:06,253 - user_service - INFO - 尝试从telegram_sessions表获取telegram_id 7226798439 的性别
2025-07-12 03:55:06,280 - user_service - INFO - 成功找到telegram_id 7226798439 的性别: 2
2025-07-12 03:55:06,281 - server - INFO - 🟢 [req_1752263706245] ====== 响应信息 ======
2025-07-12 03:55:06,281 - server - INFO - 🟢 [req_1752263706245] 状态码: 200
2025-07-12 03:55:06,282 - server - INFO - 🟢 [req_1752263706245] 处理时间: 0.029秒
2025-07-12 03:55:06,282 - server - INFO - 🟢 [req_1752263706245] ====== 响应头 ======
2025-07-12 03:55:06,283 - server - INFO - 🟢 [req_1752263706245] content-length: 12
2025-07-12 03:55:06,283 - server - INFO - 🟢 [req_1752263706245] content-type: application/json
2025-07-12 03:55:06,284 - server - INFO - 🟢 [req_1752263706245] ====== 响应体 ======
2025-07-12 03:55:06,284 - server - INFO - 🟢 [req_1752263706245] JSON响应: {
  "gender": 2
}
2025-07-12 03:55:06,285 - server - INFO - 🟢 [req_1752263706245] ====== 请求完成 ======
2025-07-12 03:55:37,087 - server - INFO - 🔵 [req_1752263737087] ====== 收到新请求 ======
2025-07-12 03:55:37,088 - server - INFO - 🔵 [req_1752263737087] 时间: 2025-07-12 03:55:37
2025-07-12 03:55:37,088 - server - INFO - 🔵 [req_1752263737087] 方法: POST
2025-07-12 03:55:37,088 - server - INFO - 🔵 [req_1752263737087] URL: https://lovetapoversea.xyz/api/v1/users/create_new_male_user
2025-07-12 03:55:37,089 - server - INFO - 🔵 [req_1752263737087] 路径: /api/v1/users/create_new_male_user
2025-07-12 03:55:37,089 - server - INFO - 🔵 [req_1752263737087] 客户端IP: 5.34.216.10
2025-07-12 03:55:37,089 - server - INFO - 🔵 [req_1752263737087] ====== 请求头 ======
2025-07-12 03:55:37,089 - server - INFO - 🔵 [req_1752263737087] connection: upgrade
2025-07-12 03:55:37,090 - server - INFO - 🔵 [req_1752263737087] host: lovetapoversea.xyz
2025-07-12 03:55:37,091 - server - INFO - 🔵 [req_1752263737087] x-real-ip: 5.34.216.10
2025-07-12 03:55:37,091 - server - INFO - 🔵 [req_1752263737087] x-forwarded-for: 5.34.216.10
2025-07-12 03:55:37,091 - server - INFO - 🔵 [req_1752263737087] x-forwarded-proto: https
2025-07-12 03:55:37,091 - server - INFO - 🔵 [req_1752263737087] content-length: 35
2025-07-12 03:55:37,091 - server - INFO - 🔵 [req_1752263737087] content-type: application/json
2025-07-12 03:55:37,092 - server - INFO - 🔵 [req_1752263737087] accept: application/json
2025-07-12 03:55:37,093 - server - INFO - 🔵 [req_1752263737087] sec-fetch-site: cross-site
2025-07-12 03:55:37,094 - server - INFO - 🔵 [req_1752263737087] accept-language: zh-CN,zh-Hans;q=0.9
2025-07-12 03:55:37,094 - server - INFO - 🔵 [req_1752263737087] accept-encoding: gzip, deflate, br
2025-07-12 03:55:37,095 - server - INFO - 🔵 [req_1752263737087] sec-fetch-mode: cors
2025-07-12 03:55:37,096 - server - INFO - 🔵 [req_1752263737087] origin: https://cupid-yukio-frontend.vercel.app
2025-07-12 03:55:37,096 - server - INFO - 🔵 [req_1752263737087] user-agent: Mozilla/5.0 (iPhone; CPU iPhone OS 18_5 like Mac OS X) AppleWebKit/605.1.15 (KHTML, like Gecko) Mobile/15E148
2025-07-12 03:55:37,097 - server - INFO - 🔵 [req_1752263737087] referer: https://cupid-yukio-frontend.vercel.app/
2025-07-12 03:55:37,097 - server - INFO - 🔵 [req_1752263737087] sec-fetch-dest: empty
2025-07-12 03:55:37,097 - server - INFO - 🔵 [req_1752263737087] ====== 请求体 ======
2025-07-12 03:55:37,097 - server - INFO - 🔵 [req_1752263737087] 原始数据: b'{"telegram_id":7226798439,"mode":3}'
2025-07-12 03:55:37,098 - server - INFO - 🔵 [req_1752263737087] JSON数据: {
  "telegram_id": 7226798439,
  "mode": 3
}
2025-07-12 03:55:37,103 - database - INFO - Inserted document with id: 7226798439
2025-07-12 03:55:37,104 - user_service - INFO - 男用户数据已插入 MongoDB User集合，ID: 7226798439
2025-07-12 03:55:37,105 - server - INFO - 🟢 [req_1752263737087] ====== 响应信息 ======
2025-07-12 03:55:37,105 - server - INFO - 🟢 [req_1752263737087] 状态码: 200
2025-07-12 03:55:37,105 - server - INFO - 🟢 [req_1752263737087] 处理时间: 0.007秒
2025-07-12 03:55:37,105 - server - INFO - 🟢 [req_1752263737087] ====== 响应头 ======
2025-07-12 03:55:37,106 - server - INFO - 🟢 [req_1752263737087] content-length: 16
2025-07-12 03:55:37,106 - server - INFO - 🟢 [req_1752263737087] content-type: application/json
2025-07-12 03:55:37,106 - server - INFO - 🟢 [req_1752263737087] ====== 响应体 ======
2025-07-12 03:55:37,107 - server - INFO - 🟢 [req_1752263737087] JSON响应: {
  "success": true
}
2025-07-12 03:55:37,107 - server - INFO - 🟢 [req_1752263737087] ====== 请求完成 ======
2025-07-12 03:56:05,244 - server - INFO - 🔵 [req_1752263765244] ====== 收到新请求 ======
2025-07-12 03:56:05,245 - server - INFO - 🔵 [req_1752263765244] 时间: 2025-07-12 03:56:05
2025-07-12 03:56:05,245 - server - INFO - 🔵 [req_1752263765244] 方法: POST
2025-07-12 03:56:05,245 - server - INFO - 🔵 [req_1752263765244] URL: https://lovetapoversea.xyz/api/v1/users/get_user_exist
2025-07-12 03:56:05,245 - server - INFO - 🔵 [req_1752263765244] 路径: /api/v1/users/get_user_exist
2025-07-12 03:56:05,245 - server - INFO - 🔵 [req_1752263765244] 客户端IP: 5.34.216.10
2025-07-12 03:56:05,245 - server - INFO - 🔵 [req_1752263765244] ====== 请求头 ======
2025-07-12 03:56:05,246 - server - INFO - 🔵 [req_1752263765244] connection: upgrade
2025-07-12 03:56:05,247 - server - INFO - 🔵 [req_1752263765244] host: lovetapoversea.xyz
2025-07-12 03:56:05,247 - server - INFO - 🔵 [req_1752263765244] x-real-ip: 5.34.216.10
2025-07-12 03:56:05,247 - server - INFO - 🔵 [req_1752263765244] x-forwarded-for: 5.34.216.10
2025-07-12 03:56:05,247 - server - INFO - 🔵 [req_1752263765244] x-forwarded-proto: https
2025-07-12 03:56:05,247 - server - INFO - 🔵 [req_1752263765244] content-length: 26
2025-07-12 03:56:05,247 - server - INFO - 🔵 [req_1752263765244] content-type: application/json
2025-07-12 03:56:05,247 - server - INFO - 🔵 [req_1752263765244] accept: application/json
2025-07-12 03:56:05,247 - server - INFO - 🔵 [req_1752263765244] sec-fetch-site: cross-site
2025-07-12 03:56:05,248 - server - INFO - 🔵 [req_1752263765244] accept-language: zh-CN,zh-Hans;q=0.9
2025-07-12 03:56:05,248 - server - INFO - 🔵 [req_1752263765244] accept-encoding: gzip, deflate, br
2025-07-12 03:56:05,249 - server - INFO - 🔵 [req_1752263765244] sec-fetch-mode: cors
2025-07-12 03:56:05,250 - server - INFO - 🔵 [req_1752263765244] origin: https://cupid-yukio-frontend.vercel.app
2025-07-12 03:56:05,251 - server - INFO - 🔵 [req_1752263765244] user-agent: Mozilla/5.0 (iPhone; CPU iPhone OS 18_5 like Mac OS X) AppleWebKit/605.1.15 (KHTML, like Gecko) Mobile/15E148
2025-07-12 03:56:05,252 - server - INFO - 🔵 [req_1752263765244] referer: https://cupid-yukio-frontend.vercel.app/
2025-07-12 03:56:05,253 - server - INFO - 🔵 [req_1752263765244] sec-fetch-dest: empty
2025-07-12 03:56:05,254 - server - INFO - 🔵 [req_1752263765244] ====== 请求体 ======
2025-07-12 03:56:05,255 - server - INFO - 🔵 [req_1752263765244] 原始数据: b'{"telegram_id":7226798439}'
2025-07-12 03:56:05,257 - server - INFO - 🔵 [req_1752263765244] JSON数据: {
  "telegram_id": 7226798439
}
2025-07-12 03:56:05,262 - server - INFO - 🟢 [req_1752263765244] ====== 响应信息 ======
2025-07-12 03:56:05,262 - server - INFO - 🟢 [req_1752263765244] 状态码: 200
2025-07-12 03:56:05,263 - server - INFO - 🟢 [req_1752263765244] 处理时间: 0.002秒
2025-07-12 03:56:05,263 - server - INFO - 🟢 [req_1752263765244] ====== 响应头 ======
2025-07-12 03:56:05,263 - server - INFO - 🟢 [req_1752263765244] content-length: 17
2025-07-12 03:56:05,264 - server - INFO - 🟢 [req_1752263765244] content-type: application/json
2025-07-12 03:56:05,264 - server - INFO - 🟢 [req_1752263765244] ====== 响应体 ======
2025-07-12 03:56:05,264 - server - INFO - 🟢 [req_1752263765244] JSON响应: {
  "success": false
}
2025-07-12 03:56:05,265 - server - INFO - 🟢 [req_1752263765244] ====== 请求完成 ======
2025-07-12 03:56:06,025 - server - INFO - 🔵 [req_1752263766025] ====== 收到新请求 ======
2025-07-12 03:56:06,025 - server - INFO - 🔵 [req_1752263766025] 时间: 2025-07-12 03:56:06
2025-07-12 03:56:06,025 - server - INFO - 🔵 [req_1752263766025] 方法: POST
2025-07-12 03:56:06,025 - server - INFO - 🔵 [req_1752263766025] URL: https://lovetapoversea.xyz/api/v1/users/get_user_from_telegram_session
2025-07-12 03:56:06,026 - server - INFO - 🔵 [req_1752263766025] 路径: /api/v1/users/get_user_from_telegram_session
2025-07-12 03:56:06,026 - server - INFO - 🔵 [req_1752263766025] 客户端IP: 5.34.216.10
2025-07-12 03:56:06,026 - server - INFO - 🔵 [req_1752263766025] ====== 请求头 ======
2025-07-12 03:56:06,026 - server - INFO - 🔵 [req_1752263766025] connection: upgrade
2025-07-12 03:56:06,026 - server - INFO - 🔵 [req_1752263766025] host: lovetapoversea.xyz
2025-07-12 03:56:06,026 - server - INFO - 🔵 [req_1752263766025] x-real-ip: 5.34.216.10
2025-07-12 03:56:06,027 - server - INFO - 🔵 [req_1752263766025] x-forwarded-for: 5.34.216.10
2025-07-12 03:56:06,027 - server - INFO - 🔵 [req_1752263766025] x-forwarded-proto: https
2025-07-12 03:56:06,027 - server - INFO - 🔵 [req_1752263766025] content-length: 26
2025-07-12 03:56:06,027 - server - INFO - 🔵 [req_1752263766025] content-type: application/json
2025-07-12 03:56:06,027 - server - INFO - 🔵 [req_1752263766025] accept: application/json
2025-07-12 03:56:06,027 - server - INFO - 🔵 [req_1752263766025] sec-fetch-site: cross-site
2025-07-12 03:56:06,027 - server - INFO - 🔵 [req_1752263766025] accept-language: zh-CN,zh-Hans;q=0.9
2025-07-12 03:56:06,027 - server - INFO - 🔵 [req_1752263766025] accept-encoding: gzip, deflate, br
2025-07-12 03:56:06,028 - server - INFO - 🔵 [req_1752263766025] sec-fetch-mode: cors
2025-07-12 03:56:06,028 - server - INFO - 🔵 [req_1752263766025] origin: https://cupid-yukio-frontend.vercel.app
2025-07-12 03:56:06,028 - server - INFO - 🔵 [req_1752263766025] user-agent: Mozilla/5.0 (iPhone; CPU iPhone OS 18_5 like Mac OS X) AppleWebKit/605.1.15 (KHTML, like Gecko) Mobile/15E148
2025-07-12 03:56:06,028 - server - INFO - 🔵 [req_1752263766025] referer: https://cupid-yukio-frontend.vercel.app/
2025-07-12 03:56:06,028 - server - INFO - 🔵 [req_1752263766025] sec-fetch-dest: empty
2025-07-12 03:56:06,028 - server - INFO - 🔵 [req_1752263766025] ====== 请求体 ======
2025-07-12 03:56:06,029 - server - INFO - 🔵 [req_1752263766025] 原始数据: b'{"telegram_id":7226798439}'
2025-07-12 03:56:06,029 - server - INFO - 🔵 [req_1752263766025] JSON数据: {
  "telegram_id": 7226798439
}
2025-07-12 03:56:06,032 - user_service - INFO - 尝试从telegram_sessions表获取telegram_id 7226798439 的性别
2025-07-12 03:56:06,035 - user_service - INFO - 成功找到telegram_id 7226798439 的性别: 2
2025-07-12 03:56:06,036 - server - INFO - 🟢 [req_1752263766025] ====== 响应信息 ======
2025-07-12 03:56:06,036 - server - INFO - 🟢 [req_1752263766025] 状态码: 200
2025-07-12 03:56:06,036 - server - INFO - 🟢 [req_1752263766025] 处理时间: 0.006秒
2025-07-12 03:56:06,036 - server - INFO - 🟢 [req_1752263766025] ====== 响应头 ======
2025-07-12 03:56:06,036 - server - INFO - 🟢 [req_1752263766025] content-length: 12
2025-07-12 03:56:06,036 - server - INFO - 🟢 [req_1752263766025] content-type: application/json
2025-07-12 03:56:06,037 - server - INFO - 🟢 [req_1752263766025] ====== 响应体 ======
2025-07-12 03:56:06,037 - server - INFO - 🟢 [req_1752263766025] JSON响应: {
  "gender": 2
}
2025-07-12 03:56:06,038 - server - INFO - 🟢 [req_1752263766025] ====== 请求完成 ======
2025-07-12 03:56:09,247 - server - INFO - 🔵 [req_1752263769247] ====== 收到新请求 ======
2025-07-12 03:56:09,248 - server - INFO - 🔵 [req_1752263769247] 时间: 2025-07-12 03:56:09
2025-07-12 03:56:09,249 - server - INFO - 🔵 [req_1752263769247] 方法: POST
2025-07-12 03:56:09,250 - server - INFO - 🔵 [req_1752263769247] URL: https://lovetapoversea.xyz/api/v1/users/create_new_male_user
2025-07-12 03:56:09,250 - server - INFO - 🔵 [req_1752263769247] 路径: /api/v1/users/create_new_male_user
2025-07-12 03:56:09,250 - server - INFO - 🔵 [req_1752263769247] 客户端IP: 5.34.216.10
2025-07-12 03:56:09,250 - server - INFO - 🔵 [req_1752263769247] ====== 请求头 ======
2025-07-12 03:56:09,250 - server - INFO - 🔵 [req_1752263769247] connection: upgrade
2025-07-12 03:56:09,250 - server - INFO - 🔵 [req_1752263769247] host: lovetapoversea.xyz
2025-07-12 03:56:09,251 - server - INFO - 🔵 [req_1752263769247] x-real-ip: 5.34.216.10
2025-07-12 03:56:09,251 - server - INFO - 🔵 [req_1752263769247] x-forwarded-for: 5.34.216.10
2025-07-12 03:56:09,252 - server - INFO - 🔵 [req_1752263769247] x-forwarded-proto: https
2025-07-12 03:56:09,252 - server - INFO - 🔵 [req_1752263769247] content-length: 35
2025-07-12 03:56:09,253 - server - INFO - 🔵 [req_1752263769247] content-type: application/json
2025-07-12 03:56:09,253 - server - INFO - 🔵 [req_1752263769247] accept: application/json
2025-07-12 03:56:09,253 - server - INFO - 🔵 [req_1752263769247] sec-fetch-site: cross-site
2025-07-12 03:56:09,253 - server - INFO - 🔵 [req_1752263769247] accept-language: zh-CN,zh-Hans;q=0.9
2025-07-12 03:56:09,253 - server - INFO - 🔵 [req_1752263769247] accept-encoding: gzip, deflate, br
2025-07-12 03:56:09,253 - server - INFO - 🔵 [req_1752263769247] sec-fetch-mode: cors
2025-07-12 03:56:09,253 - server - INFO - 🔵 [req_1752263769247] origin: https://cupid-yukio-frontend.vercel.app
2025-07-12 03:56:09,254 - server - INFO - 🔵 [req_1752263769247] user-agent: Mozilla/5.0 (iPhone; CPU iPhone OS 18_5 like Mac OS X) AppleWebKit/605.1.15 (KHTML, like Gecko) Mobile/15E148
2025-07-12 03:56:09,254 - server - INFO - 🔵 [req_1752263769247] referer: https://cupid-yukio-frontend.vercel.app/
2025-07-12 03:56:09,254 - server - INFO - 🔵 [req_1752263769247] sec-fetch-dest: empty
2025-07-12 03:56:09,254 - server - INFO - 🔵 [req_1752263769247] ====== 请求体 ======
2025-07-12 03:56:09,255 - server - INFO - 🔵 [req_1752263769247] 原始数据: b'{"telegram_id":7226798439,"mode":1}'
2025-07-12 03:56:09,256 - server - INFO - 🔵 [req_1752263769247] JSON数据: {
  "telegram_id": 7226798439,
  "mode": 1
}
2025-07-12 03:56:09,260 - database - ERROR - Error inserting document: E11000 duplicate key error collection: lovelush_db.User index: _id_ dup key: { _id: 7226798439 }, full error: {'index': 0, 'code': 11000, 'errmsg': 'E11000 duplicate key error collection: lovelush_db.User index: _id_ dup key: { _id: 7226798439 }', 'keyPattern': {'_id': 1}, 'keyValue': {'_id': 7226798439}}
2025-07-12 03:56:09,260 - user_service - ERROR - 创建男用户失败: E11000 duplicate key error collection: lovelush_db.User index: _id_ dup key: { _id: 7226798439 }, full error: {'index': 0, 'code': 11000, 'errmsg': 'E11000 duplicate key error collection: lovelush_db.User index: _id_ dup key: { _id: 7226798439 }', 'keyPattern': {'_id': 1}, 'keyValue': {'_id': 7226798439}}
2025-07-12 03:56:09,262 - server - INFO - 🟢 [req_1752263769247] ====== 响应信息 ======
2025-07-12 03:56:09,262 - server - INFO - 🟢 [req_1752263769247] 状态码: 200
2025-07-12 03:56:09,262 - server - INFO - 🟢 [req_1752263769247] 处理时间: 0.005秒
2025-07-12 03:56:09,262 - server - INFO - 🟢 [req_1752263769247] ====== 响应头 ======
2025-07-12 03:56:09,262 - server - INFO - 🟢 [req_1752263769247] content-length: 17
2025-07-12 03:56:09,262 - server - INFO - 🟢 [req_1752263769247] content-type: application/json
2025-07-12 03:56:09,263 - server - INFO - 🟢 [req_1752263769247] ====== 响应体 ======
2025-07-12 03:56:09,263 - server - INFO - 🟢 [req_1752263769247] JSON响应: {
  "success": false
}
2025-07-12 03:56:09,263 - server - INFO - 🟢 [req_1752263769247] ====== 请求完成 ======
2025-07-12 03:56:48,547 - server - INFO - 🔵 [req_1752263808547] ====== 收到新请求 ======
2025-07-12 03:56:48,548 - server - INFO - 🔵 [req_1752263808547] 时间: 2025-07-12 03:56:48
2025-07-12 03:56:48,548 - server - INFO - 🔵 [req_1752263808547] 方法: POST
2025-07-12 03:56:48,548 - server - INFO - 🔵 [req_1752263808547] URL: https://lovetapoversea.xyz/api/v1/users/get_user_exist
2025-07-12 03:56:48,548 - server - INFO - 🔵 [req_1752263808547] 路径: /api/v1/users/get_user_exist
2025-07-12 03:56:48,548 - server - INFO - 🔵 [req_1752263808547] 客户端IP: 5.34.216.10
2025-07-12 03:56:48,548 - server - INFO - 🔵 [req_1752263808547] ====== 请求头 ======
2025-07-12 03:56:48,548 - server - INFO - 🔵 [req_1752263808547] connection: upgrade
2025-07-12 03:56:48,548 - server - INFO - 🔵 [req_1752263808547] host: lovetapoversea.xyz
2025-07-12 03:56:48,549 - server - INFO - 🔵 [req_1752263808547] x-real-ip: 5.34.216.10
2025-07-12 03:56:48,550 - server - INFO - 🔵 [req_1752263808547] x-forwarded-for: 5.34.216.10
2025-07-12 03:56:48,550 - server - INFO - 🔵 [req_1752263808547] x-forwarded-proto: https
2025-07-12 03:56:48,551 - server - INFO - 🔵 [req_1752263808547] content-length: 26
2025-07-12 03:56:48,551 - server - INFO - 🔵 [req_1752263808547] content-type: application/json
2025-07-12 03:56:48,552 - server - INFO - 🔵 [req_1752263808547] accept: application/json
2025-07-12 03:56:48,552 - server - INFO - 🔵 [req_1752263808547] sec-fetch-site: cross-site
2025-07-12 03:56:48,552 - server - INFO - 🔵 [req_1752263808547] accept-language: zh-CN,zh-Hans;q=0.9
2025-07-12 03:56:48,552 - server - INFO - 🔵 [req_1752263808547] accept-encoding: gzip, deflate, br
2025-07-12 03:56:48,552 - server - INFO - 🔵 [req_1752263808547] sec-fetch-mode: cors
2025-07-12 03:56:48,552 - server - INFO - 🔵 [req_1752263808547] origin: https://cupid-yukio-frontend.vercel.app
2025-07-12 03:56:48,552 - server - INFO - 🔵 [req_1752263808547] user-agent: Mozilla/5.0 (iPhone; CPU iPhone OS 18_5 like Mac OS X) AppleWebKit/605.1.15 (KHTML, like Gecko) Mobile/15E148
2025-07-12 03:56:48,553 - server - INFO - 🔵 [req_1752263808547] referer: https://cupid-yukio-frontend.vercel.app/
2025-07-12 03:56:48,553 - server - INFO - 🔵 [req_1752263808547] sec-fetch-dest: empty
2025-07-12 03:56:48,553 - server - INFO - 🔵 [req_1752263808547] ====== 请求体 ======
2025-07-12 03:56:48,553 - server - INFO - 🔵 [req_1752263808547] 原始数据: b'{"telegram_id":7226798439}'
2025-07-12 03:56:48,554 - server - INFO - 🔵 [req_1752263808547] JSON数据: {
  "telegram_id": 7226798439
}
2025-07-12 03:56:48,556 - server - INFO - 🟢 [req_1752263808547] ====== 响应信息 ======
2025-07-12 03:56:48,556 - server - INFO - 🟢 [req_1752263808547] 状态码: 200
2025-07-12 03:56:48,556 - server - INFO - 🟢 [req_1752263808547] 处理时间: 0.001秒
2025-07-12 03:56:48,557 - server - INFO - 🟢 [req_1752263808547] ====== 响应头 ======
2025-07-12 03:56:48,557 - server - INFO - 🟢 [req_1752263808547] content-length: 17
2025-07-12 03:56:48,557 - server - INFO - 🟢 [req_1752263808547] content-type: application/json
2025-07-12 03:56:48,557 - server - INFO - 🟢 [req_1752263808547] ====== 响应体 ======
2025-07-12 03:56:48,558 - server - INFO - 🟢 [req_1752263808547] JSON响应: {
  "success": false
}
2025-07-12 03:56:48,561 - server - INFO - 🟢 [req_1752263808547] ====== 请求完成 ======
2025-07-12 03:56:49,324 - server - INFO - 🔵 [req_1752263809324] ====== 收到新请求 ======
2025-07-12 03:56:49,325 - server - INFO - 🔵 [req_1752263809324] 时间: 2025-07-12 03:56:49
2025-07-12 03:56:49,325 - server - INFO - 🔵 [req_1752263809324] 方法: POST
2025-07-12 03:56:49,325 - server - INFO - 🔵 [req_1752263809324] URL: https://lovetapoversea.xyz/api/v1/users/get_user_from_telegram_session
2025-07-12 03:56:49,325 - server - INFO - 🔵 [req_1752263809324] 路径: /api/v1/users/get_user_from_telegram_session
2025-07-12 03:56:49,326 - server - INFO - 🔵 [req_1752263809324] 客户端IP: 5.34.216.10
2025-07-12 03:56:49,327 - server - INFO - 🔵 [req_1752263809324] ====== 请求头 ======
2025-07-12 03:56:49,327 - server - INFO - 🔵 [req_1752263809324] connection: upgrade
2025-07-12 03:56:49,327 - server - INFO - 🔵 [req_1752263809324] host: lovetapoversea.xyz
2025-07-12 03:56:49,327 - server - INFO - 🔵 [req_1752263809324] x-real-ip: 5.34.216.10
2025-07-12 03:56:49,327 - server - INFO - 🔵 [req_1752263809324] x-forwarded-for: 5.34.216.10
2025-07-12 03:56:49,327 - server - INFO - 🔵 [req_1752263809324] x-forwarded-proto: https
2025-07-12 03:56:49,327 - server - INFO - 🔵 [req_1752263809324] content-length: 26
2025-07-12 03:56:49,328 - server - INFO - 🔵 [req_1752263809324] content-type: application/json
2025-07-12 03:56:49,328 - server - INFO - 🔵 [req_1752263809324] accept: application/json
2025-07-12 03:56:49,328 - server - INFO - 🔵 [req_1752263809324] sec-fetch-site: cross-site
2025-07-12 03:56:49,328 - server - INFO - 🔵 [req_1752263809324] accept-language: zh-CN,zh-Hans;q=0.9
2025-07-12 03:56:49,328 - server - INFO - 🔵 [req_1752263809324] accept-encoding: gzip, deflate, br
2025-07-12 03:56:49,328 - server - INFO - 🔵 [req_1752263809324] sec-fetch-mode: cors
2025-07-12 03:56:49,328 - server - INFO - 🔵 [req_1752263809324] origin: https://cupid-yukio-frontend.vercel.app
2025-07-12 03:56:49,328 - server - INFO - 🔵 [req_1752263809324] user-agent: Mozilla/5.0 (iPhone; CPU iPhone OS 18_5 like Mac OS X) AppleWebKit/605.1.15 (KHTML, like Gecko) Mobile/15E148
2025-07-12 03:56:49,328 - server - INFO - 🔵 [req_1752263809324] referer: https://cupid-yukio-frontend.vercel.app/
2025-07-12 03:56:49,328 - server - INFO - 🔵 [req_1752263809324] sec-fetch-dest: empty
2025-07-12 03:56:49,328 - server - INFO - 🔵 [req_1752263809324] ====== 请求体 ======
2025-07-12 03:56:49,328 - server - INFO - 🔵 [req_1752263809324] 原始数据: b'{"telegram_id":7226798439}'
2025-07-12 03:56:49,329 - server - INFO - 🔵 [req_1752263809324] JSON数据: {
  "telegram_id": 7226798439
}
2025-07-12 03:56:49,330 - user_service - INFO - 尝试从telegram_sessions表获取telegram_id 7226798439 的性别
2025-07-12 03:56:49,333 - user_service - INFO - 成功找到telegram_id 7226798439 的性别: 2
2025-07-12 03:56:49,334 - server - INFO - 🟢 [req_1752263809324] ====== 响应信息 ======
2025-07-12 03:56:49,334 - server - INFO - 🟢 [req_1752263809324] 状态码: 200
2025-07-12 03:56:49,335 - server - INFO - 🟢 [req_1752263809324] 处理时间: 0.005秒
2025-07-12 03:56:49,335 - server - INFO - 🟢 [req_1752263809324] ====== 响应头 ======
2025-07-12 03:56:49,336 - server - INFO - 🟢 [req_1752263809324] content-length: 12
2025-07-12 03:56:49,336 - server - INFO - 🟢 [req_1752263809324] content-type: application/json
2025-07-12 03:56:49,337 - server - INFO - 🟢 [req_1752263809324] ====== 响应体 ======
2025-07-12 03:56:49,337 - server - INFO - 🟢 [req_1752263809324] JSON响应: {
  "gender": 2
}
2025-07-12 03:56:49,338 - server - INFO - 🟢 [req_1752263809324] ====== 请求完成 ======
2025-07-12 03:56:52,418 - server - INFO - 🔵 [req_1752263812418] ====== 收到新请求 ======
2025-07-12 03:56:52,419 - server - INFO - 🔵 [req_1752263812418] 时间: 2025-07-12 03:56:52
2025-07-12 03:56:52,419 - server - INFO - 🔵 [req_1752263812418] 方法: POST
2025-07-12 03:56:52,419 - server - INFO - 🔵 [req_1752263812418] URL: https://lovetapoversea.xyz/api/v1/users/create_new_male_user
2025-07-12 03:56:52,419 - server - INFO - 🔵 [req_1752263812418] 路径: /api/v1/users/create_new_male_user
2025-07-12 03:56:52,421 - server - INFO - 🔵 [req_1752263812418] 客户端IP: 5.34.216.10
2025-07-12 03:56:52,424 - server - INFO - 🔵 [req_1752263812418] ====== 请求头 ======
2025-07-12 03:56:52,426 - server - INFO - 🔵 [req_1752263812418] connection: upgrade
2025-07-12 03:56:52,428 - server - INFO - 🔵 [req_1752263812418] host: lovetapoversea.xyz
2025-07-12 03:56:52,428 - server - INFO - 🔵 [req_1752263812418] x-real-ip: 5.34.216.10
2025-07-12 03:56:52,428 - server - INFO - 🔵 [req_1752263812418] x-forwarded-for: 5.34.216.10
2025-07-12 03:56:52,428 - server - INFO - 🔵 [req_1752263812418] x-forwarded-proto: https
2025-07-12 03:56:52,428 - server - INFO - 🔵 [req_1752263812418] content-length: 35
2025-07-12 03:56:52,428 - server - INFO - 🔵 [req_1752263812418] content-type: application/json
2025-07-12 03:56:52,429 - server - INFO - 🔵 [req_1752263812418] accept: application/json
2025-07-12 03:56:52,430 - server - INFO - 🔵 [req_1752263812418] sec-fetch-site: cross-site
2025-07-12 03:56:52,431 - server - INFO - 🔵 [req_1752263812418] accept-language: zh-CN,zh-Hans;q=0.9
2025-07-12 03:56:52,431 - server - INFO - 🔵 [req_1752263812418] accept-encoding: gzip, deflate, br
2025-07-12 03:56:52,431 - server - INFO - 🔵 [req_1752263812418] sec-fetch-mode: cors
2025-07-12 03:56:52,431 - server - INFO - 🔵 [req_1752263812418] origin: https://cupid-yukio-frontend.vercel.app
2025-07-12 03:56:52,431 - server - INFO - 🔵 [req_1752263812418] user-agent: Mozilla/5.0 (iPhone; CPU iPhone OS 18_5 like Mac OS X) AppleWebKit/605.1.15 (KHTML, like Gecko) Mobile/15E148
2025-07-12 03:56:52,431 - server - INFO - 🔵 [req_1752263812418] referer: https://cupid-yukio-frontend.vercel.app/
2025-07-12 03:56:52,431 - server - INFO - 🔵 [req_1752263812418] sec-fetch-dest: empty
2025-07-12 03:56:52,432 - server - INFO - 🔵 [req_1752263812418] ====== 请求体 ======
2025-07-12 03:56:52,435 - server - INFO - 🔵 [req_1752263812418] 原始数据: b'{"telegram_id":7226798439,"mode":2}'
2025-07-12 03:56:52,435 - server - INFO - 🔵 [req_1752263812418] JSON数据: {
  "telegram_id": 7226798439,
  "mode": 2
}
2025-07-12 03:56:52,449 - database - ERROR - Error inserting document: E11000 duplicate key error collection: lovelush_db.User index: _id_ dup key: { _id: 7226798439 }, full error: {'index': 0, 'code': 11000, 'errmsg': 'E11000 duplicate key error collection: lovelush_db.User index: _id_ dup key: { _id: 7226798439 }', 'keyPattern': {'_id': 1}, 'keyValue': {'_id': 7226798439}}
2025-07-12 03:56:52,450 - user_service - ERROR - 创建男用户失败: E11000 duplicate key error collection: lovelush_db.User index: _id_ dup key: { _id: 7226798439 }, full error: {'index': 0, 'code': 11000, 'errmsg': 'E11000 duplicate key error collection: lovelush_db.User index: _id_ dup key: { _id: 7226798439 }', 'keyPattern': {'_id': 1}, 'keyValue': {'_id': 7226798439}}
2025-07-12 03:56:52,453 - server - INFO - 🟢 [req_1752263812418] ====== 响应信息 ======
2025-07-12 03:56:52,455 - server - INFO - 🟢 [req_1752263812418] 状态码: 200
2025-07-12 03:56:52,456 - server - INFO - 🟢 [req_1752263812418] 处理时间: 0.017秒
2025-07-12 03:56:52,457 - server - INFO - 🟢 [req_1752263812418] ====== 响应头 ======
2025-07-12 03:56:52,458 - server - INFO - 🟢 [req_1752263812418] content-length: 17
2025-07-12 03:56:52,458 - server - INFO - 🟢 [req_1752263812418] content-type: application/json
2025-07-12 03:56:52,459 - server - INFO - 🟢 [req_1752263812418] ====== 响应体 ======
2025-07-12 03:56:52,460 - server - INFO - 🟢 [req_1752263812418] JSON响应: {
  "success": false
}
2025-07-12 03:56:52,460 - server - INFO - 🟢 [req_1752263812418] ====== 请求完成 ======
2025-07-12 03:57:44,549 - server - INFO - 🔵 [req_1752263864549] ====== 收到新请求 ======
2025-07-12 03:57:44,550 - server - INFO - 🔵 [req_1752263864549] 时间: 2025-07-12 03:57:44
2025-07-12 03:57:44,550 - server - INFO - 🔵 [req_1752263864549] 方法: POST
2025-07-12 03:57:44,550 - server - INFO - 🔵 [req_1752263864549] URL: https://lovetapoversea.xyz/api/v1/users/get_user_exist
2025-07-12 03:57:44,550 - server - INFO - 🔵 [req_1752263864549] 路径: /api/v1/users/get_user_exist
2025-07-12 03:57:44,550 - server - INFO - 🔵 [req_1752263864549] 客户端IP: 5.34.216.10
2025-07-12 03:57:44,550 - server - INFO - 🔵 [req_1752263864549] ====== 请求头 ======
2025-07-12 03:57:44,550 - server - INFO - 🔵 [req_1752263864549] connection: upgrade
2025-07-12 03:57:44,551 - server - INFO - 🔵 [req_1752263864549] host: lovetapoversea.xyz
2025-07-12 03:57:44,551 - server - INFO - 🔵 [req_1752263864549] x-real-ip: 5.34.216.10
2025-07-12 03:57:44,551 - server - INFO - 🔵 [req_1752263864549] x-forwarded-for: 5.34.216.10
2025-07-12 03:57:44,551 - server - INFO - 🔵 [req_1752263864549] x-forwarded-proto: https
2025-07-12 03:57:44,551 - server - INFO - 🔵 [req_1752263864549] content-length: 26
2025-07-12 03:57:44,551 - server - INFO - 🔵 [req_1752263864549] content-type: application/json
2025-07-12 03:57:44,551 - server - INFO - 🔵 [req_1752263864549] accept: application/json
2025-07-12 03:57:44,551 - server - INFO - 🔵 [req_1752263864549] sec-fetch-site: cross-site
2025-07-12 03:57:44,551 - server - INFO - 🔵 [req_1752263864549] accept-language: zh-CN,zh-Hans;q=0.9
2025-07-12 03:57:44,551 - server - INFO - 🔵 [req_1752263864549] accept-encoding: gzip, deflate, br
2025-07-12 03:57:44,551 - server - INFO - 🔵 [req_1752263864549] sec-fetch-mode: cors
2025-07-12 03:57:44,551 - server - INFO - 🔵 [req_1752263864549] origin: https://cupid-yukio-frontend.vercel.app
2025-07-12 03:57:44,551 - server - INFO - 🔵 [req_1752263864549] user-agent: Mozilla/5.0 (iPhone; CPU iPhone OS 18_5 like Mac OS X) AppleWebKit/605.1.15 (KHTML, like Gecko) Mobile/15E148
2025-07-12 03:57:44,552 - server - INFO - 🔵 [req_1752263864549] referer: https://cupid-yukio-frontend.vercel.app/
2025-07-12 03:57:44,553 - server - INFO - 🔵 [req_1752263864549] sec-fetch-dest: empty
2025-07-12 03:57:44,554 - server - INFO - 🔵 [req_1752263864549] ====== 请求体 ======
2025-07-12 03:57:44,554 - server - INFO - 🔵 [req_1752263864549] 原始数据: b'{"telegram_id":7226798439}'
2025-07-12 03:57:44,555 - server - INFO - 🔵 [req_1752263864549] JSON数据: {
  "telegram_id": 7226798439
}
2025-07-12 03:57:44,557 - server - INFO - 🟢 [req_1752263864549] ====== 响应信息 ======
2025-07-12 03:57:44,557 - server - INFO - 🟢 [req_1752263864549] 状态码: 200
2025-07-12 03:57:44,558 - server - INFO - 🟢 [req_1752263864549] 处理时间: 0.002秒
2025-07-12 03:57:44,558 - server - INFO - 🟢 [req_1752263864549] ====== 响应头 ======
2025-07-12 03:57:44,559 - server - INFO - 🟢 [req_1752263864549] content-length: 17
2025-07-12 03:57:44,559 - server - INFO - 🟢 [req_1752263864549] content-type: application/json
2025-07-12 03:57:44,560 - server - INFO - 🟢 [req_1752263864549] ====== 响应体 ======
2025-07-12 03:57:44,561 - server - INFO - 🟢 [req_1752263864549] JSON响应: {
  "success": false
}
2025-07-12 03:57:44,561 - server - INFO - 🟢 [req_1752263864549] ====== 请求完成 ======
2025-07-12 03:57:45,318 - server - INFO - 🔵 [req_1752263865318] ====== 收到新请求 ======
2025-07-12 03:57:45,319 - server - INFO - 🔵 [req_1752263865318] 时间: 2025-07-12 03:57:45
2025-07-12 03:57:45,320 - server - INFO - 🔵 [req_1752263865318] 方法: POST
2025-07-12 03:57:45,321 - server - INFO - 🔵 [req_1752263865318] URL: https://lovetapoversea.xyz/api/v1/users/get_user_from_telegram_session
2025-07-12 03:57:45,321 - server - INFO - 🔵 [req_1752263865318] 路径: /api/v1/users/get_user_from_telegram_session
2025-07-12 03:57:45,321 - server - INFO - 🔵 [req_1752263865318] 客户端IP: 5.34.216.10
2025-07-12 03:57:45,321 - server - INFO - 🔵 [req_1752263865318] ====== 请求头 ======
2025-07-12 03:57:45,321 - server - INFO - 🔵 [req_1752263865318] connection: upgrade
2025-07-12 03:57:45,321 - server - INFO - 🔵 [req_1752263865318] host: lovetapoversea.xyz
2025-07-12 03:57:45,321 - server - INFO - 🔵 [req_1752263865318] x-real-ip: 5.34.216.10
2025-07-12 03:57:45,321 - server - INFO - 🔵 [req_1752263865318] x-forwarded-for: 5.34.216.10
2025-07-12 03:57:45,322 - server - INFO - 🔵 [req_1752263865318] x-forwarded-proto: https
2025-07-12 03:57:45,324 - server - INFO - 🔵 [req_1752263865318] content-length: 26
2025-07-12 03:57:45,324 - server - INFO - 🔵 [req_1752263865318] content-type: application/json
2025-07-12 03:57:45,325 - server - INFO - 🔵 [req_1752263865318] accept: application/json
2025-07-12 03:57:45,325 - server - INFO - 🔵 [req_1752263865318] sec-fetch-site: cross-site
2025-07-12 03:57:45,326 - server - INFO - 🔵 [req_1752263865318] accept-language: zh-CN,zh-Hans;q=0.9
2025-07-12 03:57:45,327 - server - INFO - 🔵 [req_1752263865318] accept-encoding: gzip, deflate, br
2025-07-12 03:57:45,327 - server - INFO - 🔵 [req_1752263865318] sec-fetch-mode: cors
2025-07-12 03:57:45,327 - server - INFO - 🔵 [req_1752263865318] origin: https://cupid-yukio-frontend.vercel.app
2025-07-12 03:57:45,327 - server - INFO - 🔵 [req_1752263865318] user-agent: Mozilla/5.0 (iPhone; CPU iPhone OS 18_5 like Mac OS X) AppleWebKit/605.1.15 (KHTML, like Gecko) Mobile/15E148
2025-07-12 03:57:45,327 - server - INFO - 🔵 [req_1752263865318] referer: https://cupid-yukio-frontend.vercel.app/
2025-07-12 03:57:45,327 - server - INFO - 🔵 [req_1752263865318] sec-fetch-dest: empty
2025-07-12 03:57:45,328 - server - INFO - 🔵 [req_1752263865318] ====== 请求体 ======
2025-07-12 03:57:45,330 - server - INFO - 🔵 [req_1752263865318] 原始数据: b'{"telegram_id":7226798439}'
2025-07-12 03:57:45,330 - server - INFO - 🔵 [req_1752263865318] JSON数据: {
  "telegram_id": 7226798439
}
2025-07-12 03:57:45,333 - user_service - INFO - 尝试从telegram_sessions表获取telegram_id 7226798439 的性别
2025-07-12 03:57:45,336 - user_service - INFO - 成功找到telegram_id 7226798439 的性别: 2
2025-07-12 03:57:45,337 - server - INFO - 🟢 [req_1752263865318] ====== 响应信息 ======
2025-07-12 03:57:45,338 - server - INFO - 🟢 [req_1752263865318] 状态码: 200
2025-07-12 03:57:45,338 - server - INFO - 🟢 [req_1752263865318] 处理时间: 0.007秒
2025-07-12 03:57:45,338 - server - INFO - 🟢 [req_1752263865318] ====== 响应头 ======
2025-07-12 03:57:45,338 - server - INFO - 🟢 [req_1752263865318] content-length: 12
2025-07-12 03:57:45,338 - server - INFO - 🟢 [req_1752263865318] content-type: application/json
2025-07-12 03:57:45,339 - server - INFO - 🟢 [req_1752263865318] ====== 响应体 ======
2025-07-12 03:57:45,339 - server - INFO - 🟢 [req_1752263865318] JSON响应: {
  "gender": 2
}
2025-07-12 03:57:45,339 - server - INFO - 🟢 [req_1752263865318] ====== 请求完成 ======
2025-07-12 03:58:07,930 - server - INFO - 🔵 [req_1752263887930] ====== 收到新请求 ======
2025-07-12 03:58:07,930 - server - INFO - 🔵 [req_1752263887930] 时间: 2025-07-12 03:58:07
2025-07-12 03:58:07,931 - server - INFO - 🔵 [req_1752263887930] 方法: POST
2025-07-12 03:58:07,931 - server - INFO - 🔵 [req_1752263887930] URL: https://lovetapoversea.xyz/api/v1/users/get_user_exist
2025-07-12 03:58:07,931 - server - INFO - 🔵 [req_1752263887930] 路径: /api/v1/users/get_user_exist
2025-07-12 03:58:07,931 - server - INFO - 🔵 [req_1752263887930] 客户端IP: 5.34.216.10
2025-07-12 03:58:07,932 - server - INFO - 🔵 [req_1752263887930] ====== 请求头 ======
2025-07-12 03:58:07,933 - server - INFO - 🔵 [req_1752263887930] connection: upgrade
2025-07-12 03:58:07,933 - server - INFO - 🔵 [req_1752263887930] host: lovetapoversea.xyz
2025-07-12 03:58:07,934 - server - INFO - 🔵 [req_1752263887930] x-real-ip: 5.34.216.10
2025-07-12 03:58:07,935 - server - INFO - 🔵 [req_1752263887930] x-forwarded-for: 5.34.216.10
2025-07-12 03:58:07,935 - server - INFO - 🔵 [req_1752263887930] x-forwarded-proto: https
2025-07-12 03:58:07,936 - server - INFO - 🔵 [req_1752263887930] content-length: 26
2025-07-12 03:58:07,936 - server - INFO - 🔵 [req_1752263887930] content-type: application/json
2025-07-12 03:58:07,936 - server - INFO - 🔵 [req_1752263887930] accept: application/json
2025-07-12 03:58:07,936 - server - INFO - 🔵 [req_1752263887930] sec-fetch-site: cross-site
2025-07-12 03:58:07,936 - server - INFO - 🔵 [req_1752263887930] accept-language: zh-CN,zh-Hans;q=0.9
2025-07-12 03:58:07,936 - server - INFO - 🔵 [req_1752263887930] accept-encoding: gzip, deflate, br
2025-07-12 03:58:07,936 - server - INFO - 🔵 [req_1752263887930] sec-fetch-mode: cors
2025-07-12 03:58:07,936 - server - INFO - 🔵 [req_1752263887930] origin: https://cupid-yukio-frontend.vercel.app
2025-07-12 03:58:07,936 - server - INFO - 🔵 [req_1752263887930] user-agent: Mozilla/5.0 (iPhone; CPU iPhone OS 18_5 like Mac OS X) AppleWebKit/605.1.15 (KHTML, like Gecko) Mobile/15E148
2025-07-12 03:58:07,936 - server - INFO - 🔵 [req_1752263887930] referer: https://cupid-yukio-frontend.vercel.app/
2025-07-12 03:58:07,937 - server - INFO - 🔵 [req_1752263887930] sec-fetch-dest: empty
2025-07-12 03:58:07,938 - server - INFO - 🔵 [req_1752263887930] ====== 请求体 ======
2025-07-12 03:58:07,938 - server - INFO - 🔵 [req_1752263887930] 原始数据: b'{"telegram_id":7226798439}'
2025-07-12 03:58:07,939 - server - INFO - 🔵 [req_1752263887930] JSON数据: {
  "telegram_id": 7226798439
}
2025-07-12 03:58:07,940 - server - INFO - 🟢 [req_1752263887930] ====== 响应信息 ======
2025-07-12 03:58:07,940 - server - INFO - 🟢 [req_1752263887930] 状态码: 200
2025-07-12 03:58:07,941 - server - INFO - 🟢 [req_1752263887930] 处理时间: 0.001秒
2025-07-12 03:58:07,942 - server - INFO - 🟢 [req_1752263887930] ====== 响应头 ======
2025-07-12 03:58:07,942 - server - INFO - 🟢 [req_1752263887930] content-length: 17
2025-07-12 03:58:07,942 - server - INFO - 🟢 [req_1752263887930] content-type: application/json
2025-07-12 03:58:07,943 - server - INFO - 🟢 [req_1752263887930] ====== 响应体 ======
2025-07-12 03:58:07,944 - server - INFO - 🟢 [req_1752263887930] JSON响应: {
  "success": false
}
2025-07-12 03:58:07,944 - server - INFO - 🟢 [req_1752263887930] ====== 请求完成 ======
2025-07-12 03:58:08,683 - server - INFO - 🔵 [req_1752263888683] ====== 收到新请求 ======
2025-07-12 03:58:08,684 - server - INFO - 🔵 [req_1752263888683] 时间: 2025-07-12 03:58:08
2025-07-12 03:58:08,684 - server - INFO - 🔵 [req_1752263888683] 方法: POST
2025-07-12 03:58:08,685 - server - INFO - 🔵 [req_1752263888683] URL: https://lovetapoversea.xyz/api/v1/users/get_user_from_telegram_session
2025-07-12 03:58:08,686 - server - INFO - 🔵 [req_1752263888683] 路径: /api/v1/users/get_user_from_telegram_session
2025-07-12 03:58:08,686 - server - INFO - 🔵 [req_1752263888683] 客户端IP: 5.34.216.10
2025-07-12 03:58:08,686 - server - INFO - 🔵 [req_1752263888683] ====== 请求头 ======
2025-07-12 03:58:08,686 - server - INFO - 🔵 [req_1752263888683] connection: upgrade
2025-07-12 03:58:08,686 - server - INFO - 🔵 [req_1752263888683] host: lovetapoversea.xyz
2025-07-12 03:58:08,686 - server - INFO - 🔵 [req_1752263888683] x-real-ip: 5.34.216.10
2025-07-12 03:58:08,686 - server - INFO - 🔵 [req_1752263888683] x-forwarded-for: 5.34.216.10
2025-07-12 03:58:08,686 - server - INFO - 🔵 [req_1752263888683] x-forwarded-proto: https
2025-07-12 03:58:08,686 - server - INFO - 🔵 [req_1752263888683] content-length: 26
2025-07-12 03:58:08,686 - server - INFO - 🔵 [req_1752263888683] content-type: application/json
2025-07-12 03:58:08,686 - server - INFO - 🔵 [req_1752263888683] accept: application/json
2025-07-12 03:58:08,687 - server - INFO - 🔵 [req_1752263888683] sec-fetch-site: cross-site
2025-07-12 03:58:08,688 - server - INFO - 🔵 [req_1752263888683] accept-language: zh-CN,zh-Hans;q=0.9
2025-07-12 03:58:08,688 - server - INFO - 🔵 [req_1752263888683] accept-encoding: gzip, deflate, br
2025-07-12 03:58:08,688 - server - INFO - 🔵 [req_1752263888683] sec-fetch-mode: cors
2025-07-12 03:58:08,688 - server - INFO - 🔵 [req_1752263888683] origin: https://cupid-yukio-frontend.vercel.app
2025-07-12 03:58:08,689 - server - INFO - 🔵 [req_1752263888683] user-agent: Mozilla/5.0 (iPhone; CPU iPhone OS 18_5 like Mac OS X) AppleWebKit/605.1.15 (KHTML, like Gecko) Mobile/15E148
2025-07-12 03:58:08,689 - server - INFO - 🔵 [req_1752263888683] referer: https://cupid-yukio-frontend.vercel.app/
2025-07-12 03:58:08,689 - server - INFO - 🔵 [req_1752263888683] sec-fetch-dest: empty
2025-07-12 03:58:08,689 - server - INFO - 🔵 [req_1752263888683] ====== 请求体 ======
2025-07-12 03:58:08,689 - server - INFO - 🔵 [req_1752263888683] 原始数据: b'{"telegram_id":7226798439}'
2025-07-12 03:58:08,689 - server - INFO - 🔵 [req_1752263888683] JSON数据: {
  "telegram_id": 7226798439
}
2025-07-12 03:58:08,691 - user_service - INFO - 尝试从telegram_sessions表获取telegram_id 7226798439 的性别
2025-07-12 03:58:08,694 - user_service - INFO - 成功找到telegram_id 7226798439 的性别: 1
2025-07-12 03:58:08,695 - server - INFO - 🟢 [req_1752263888683] ====== 响应信息 ======
2025-07-12 03:58:08,695 - server - INFO - 🟢 [req_1752263888683] 状态码: 200
2025-07-12 03:58:08,696 - server - INFO - 🟢 [req_1752263888683] 处理时间: 0.005秒
2025-07-12 03:58:08,696 - server - INFO - 🟢 [req_1752263888683] ====== 响应头 ======
2025-07-12 03:58:08,696 - server - INFO - 🟢 [req_1752263888683] content-length: 12
2025-07-12 03:58:08,697 - server - INFO - 🟢 [req_1752263888683] content-type: application/json
2025-07-12 03:58:08,697 - server - INFO - 🟢 [req_1752263888683] ====== 响应体 ======
2025-07-12 03:58:08,698 - server - INFO - 🟢 [req_1752263888683] JSON响应: {
  "gender": 1
}
2025-07-12 03:58:08,698 - server - INFO - 🟢 [req_1752263888683] ====== 请求完成 ======
2025-07-12 03:58:09,420 - server - INFO - 🔵 [req_1752263889420] ====== 收到新请求 ======
2025-07-12 03:58:09,421 - server - INFO - 🔵 [req_1752263889420] 时间: 2025-07-12 03:58:09
2025-07-12 03:58:09,421 - server - INFO - 🔵 [req_1752263889420] 方法: POST
2025-07-12 03:58:09,421 - server - INFO - 🔵 [req_1752263889420] URL: https://lovetapoversea.xyz/api/v1/users/create_new_female_user
2025-07-12 03:58:09,421 - server - INFO - 🔵 [req_1752263889420] 路径: /api/v1/users/create_new_female_user
2025-07-12 03:58:09,421 - server - INFO - 🔵 [req_1752263889420] 客户端IP: 5.34.216.10
2025-07-12 03:58:09,421 - server - INFO - 🔵 [req_1752263889420] ====== 请求头 ======
2025-07-12 03:58:09,422 - server - INFO - 🔵 [req_1752263889420] connection: upgrade
2025-07-12 03:58:09,423 - server - INFO - 🔵 [req_1752263889420] host: lovetapoversea.xyz
2025-07-12 03:58:09,423 - server - INFO - 🔵 [req_1752263889420] x-real-ip: 5.34.216.10
2025-07-12 03:58:09,423 - server - INFO - 🔵 [req_1752263889420] x-forwarded-for: 5.34.216.10
2025-07-12 03:58:09,423 - server - INFO - 🔵 [req_1752263889420] x-forwarded-proto: https
2025-07-12 03:58:09,423 - server - INFO - 🔵 [req_1752263889420] content-length: 26
2025-07-12 03:58:09,423 - server - INFO - 🔵 [req_1752263889420] content-type: application/json
2025-07-12 03:58:09,424 - server - INFO - 🔵 [req_1752263889420] accept: application/json
2025-07-12 03:58:09,424 - server - INFO - 🔵 [req_1752263889420] sec-fetch-site: cross-site
2025-07-12 03:58:09,425 - server - INFO - 🔵 [req_1752263889420] accept-language: zh-CN,zh-Hans;q=0.9
2025-07-12 03:58:09,425 - server - INFO - 🔵 [req_1752263889420] accept-encoding: gzip, deflate, br
2025-07-12 03:58:09,425 - server - INFO - 🔵 [req_1752263889420] sec-fetch-mode: cors
2025-07-12 03:58:09,426 - server - INFO - 🔵 [req_1752263889420] origin: https://cupid-yukio-frontend.vercel.app
2025-07-12 03:58:09,426 - server - INFO - 🔵 [req_1752263889420] user-agent: Mozilla/5.0 (iPhone; CPU iPhone OS 18_5 like Mac OS X) AppleWebKit/605.1.15 (KHTML, like Gecko) Mobile/15E148
2025-07-12 03:58:09,426 - server - INFO - 🔵 [req_1752263889420] referer: https://cupid-yukio-frontend.vercel.app/
2025-07-12 03:58:09,426 - server - INFO - 🔵 [req_1752263889420] sec-fetch-dest: empty
2025-07-12 03:58:09,427 - server - INFO - 🔵 [req_1752263889420] ====== 请求体 ======
2025-07-12 03:58:09,427 - server - INFO - 🔵 [req_1752263889420] 原始数据: b'{"telegram_id":7226798439}'
2025-07-12 03:58:09,428 - server - INFO - 🔵 [req_1752263889420] JSON数据: {
  "telegram_id": 7226798439
}
2025-07-12 03:58:09,431 - user_service - INFO - 尝试创建女性用户，telegram_id: telegram_id=7226798439
2025-07-12 03:58:09,433 - database - ERROR - Error finding document: Invalid document {'find': 'telegram_sessions', 'filter': {'_id': CreateNewFemaleUserRequest(telegram_id=7226798439)}, 'limit': 1, 'singleBatch': True, 'lsid': {'id': Binary(b'/+vH ,A\x1a\xa3\xed<\xadk\xa8.l', 4)}, '$db': 'lovelush_db'} | cannot encode object: CreateNewFemaleUserRequest(telegram_id=7226798439), of type: <class 'app.schemas.users.CreateNewFemaleUserRequest'>
2025-07-12 03:58:09,433 - user_service - ERROR - 创建女性用户时发生未知错误: Invalid document {'find': 'telegram_sessions', 'filter': {'_id': CreateNewFemaleUserRequest(telegram_id=7226798439)}, 'limit': 1, 'singleBatch': True, 'lsid': {'id': Binary(b'/+vH ,A\x1a\xa3\xed<\xadk\xa8.l', 4)}, '$db': 'lovelush_db'} | cannot encode object: CreateNewFemaleUserRequest(telegram_id=7226798439), of type: <class 'app.schemas.users.CreateNewFemaleUserRequest'>
2025-07-12 03:58:09,435 - server - INFO - 🟢 [req_1752263889420] ====== 响应信息 ======
2025-07-12 03:58:09,435 - server - INFO - 🟢 [req_1752263889420] 状态码: 200
2025-07-12 03:58:09,435 - server - INFO - 🟢 [req_1752263889420] 处理时间: 0.007秒
2025-07-12 03:58:09,435 - server - INFO - 🟢 [req_1752263889420] ====== 响应头 ======
2025-07-12 03:58:09,436 - server - INFO - 🟢 [req_1752263889420] content-length: 17
2025-07-12 03:58:09,436 - server - INFO - 🟢 [req_1752263889420] content-type: application/json
2025-07-12 03:58:09,437 - server - INFO - 🟢 [req_1752263889420] ====== 响应体 ======
2025-07-12 03:58:09,438 - server - INFO - 🟢 [req_1752263889420] JSON响应: {
  "success": false
}
2025-07-12 03:58:09,438 - server - INFO - 🟢 [req_1752263889420] ====== 请求完成 ======
